[2025-10-25T23:51:38.204+0000] {manager.py:487} INFO - Processing files using up to 2 processes at a time 
[2025-10-25T23:51:38.204+0000] {manager.py:488} INFO - Process each file at most once every 30 seconds
[2025-10-25T23:51:38.204+0000] {manager.py:489} INFO - Checking for new files in /opt/airflow/dags every 300 seconds
[2025-10-25T23:51:38.205+0000] {manager.py:759} INFO - Searching for files in /opt/airflow/dags
[2025-10-25T23:51:38.206+0000] {manager.py:762} INFO - There are 1 files in /opt/airflow/dags
[2025-10-25T23:51:38.352+0000] {manager.py:893} INFO - 
================================================================================
DAG File Processing Stats

File Path                                 PID  Runtime      # DAGs    # Errors  Last Runtime    Last Run
--------------------------------------  -----  ---------  --------  ----------  --------------  ----------
/opt/airflow/dags/crypto_events_dag.py     49  0.05s             0           0
================================================================================
[2025-10-25T23:52:06.859+0000] {manager.py:893} INFO - 
================================================================================
DAG File Processing Stats

File Path                               PID    Runtime      # DAGs    # Errors  Last Runtime    Last Run
--------------------------------------  -----  ---------  --------  ----------  --------------  -------------------
/opt/airflow/dags/crypto_events_dag.py                           1           0  7.02s           2025-10-25T23:51:45
================================================================================
[2025-10-25T23:52:35.391+0000] {manager.py:893} INFO - 
================================================================================
DAG File Processing Stats

File Path                               PID    Runtime      # DAGs    # Errors  Last Runtime    Last Run
--------------------------------------  -----  ---------  --------  ----------  --------------  -------------------
/opt/airflow/dags/crypto_events_dag.py                           1           0  3.40s           2025-10-25T23:52:19
================================================================================
[2025-10-25T23:53:03.506+0000] {manager.py:893} INFO - 
================================================================================
DAG File Processing Stats

File Path                               PID    Runtime      # DAGs    # Errors  Last Runtime    Last Run
--------------------------------------  -----  ---------  --------  ----------  --------------  -------------------
/opt/airflow/dags/crypto_events_dag.py                           1           0  3.73s           2025-10-25T23:52:53
================================================================================
[2025-10-25T23:53:31.930+0000] {manager.py:893} INFO - 
================================================================================
DAG File Processing Stats

File Path                               PID    Runtime      # DAGs    # Errors  Last Runtime    Last Run
--------------------------------------  -----  ---------  --------  ----------  --------------  -------------------
/opt/airflow/dags/crypto_events_dag.py                           1           0  3.45s           2025-10-25T23:53:27
================================================================================
[2025-10-25T23:54:00.161+0000] {manager.py:893} INFO - 
================================================================================
DAG File Processing Stats

File Path                                 PID  Runtime      # DAGs    # Errors  Last Runtime    Last Run
--------------------------------------  -----  ---------  --------  ----------  --------------  -------------------
/opt/airflow/dags/crypto_events_dag.py    153  2.94s             1           0  3.45s           2025-10-25T23:53:27
================================================================================
[2025-10-25T23:54:28.418+0000] {manager.py:893} INFO - 
================================================================================
DAG File Processing Stats

File Path                               PID    Runtime      # DAGs    # Errors  Last Runtime    Last Run
--------------------------------------  -----  ---------  --------  ----------  --------------  -------------------
/opt/airflow/dags/crypto_events_dag.py                           1           0  3.72s           2025-10-25T23:54:00
================================================================================
[2025-10-25T23:54:56.537+0000] {manager.py:893} INFO - 
================================================================================
DAG File Processing Stats

File Path                               PID    Runtime      # DAGs    # Errors  Last Runtime    Last Run
--------------------------------------  -----  ---------  --------  ----------  --------------  -------------------
/opt/airflow/dags/crypto_events_dag.py                           1           0  3.35s           2025-10-25T23:54:54
================================================================================
[2025-10-25T23:55:25.066+0000] {manager.py:893} INFO - 
================================================================================
DAG File Processing Stats

File Path                               PID    Runtime      # DAGs    # Errors  Last Runtime    Last Run
--------------------------------------  -----  ---------  --------  ----------  --------------  -------------------
/opt/airflow/dags/crypto_events_dag.py                           1           0  3.25s           2025-10-25T23:55:00
================================================================================
[2025-10-25T23:55:53.219+0000] {manager.py:893} INFO - 
================================================================================
DAG File Processing Stats

File Path                               PID    Runtime      # DAGs    # Errors  Last Runtime    Last Run
--------------------------------------  -----  ---------  --------  ----------  --------------  -------------------
/opt/airflow/dags/crypto_events_dag.py                           1           0  3.70s           2025-10-25T23:55:34
================================================================================
[2025-10-25T23:56:21.233+0000] {manager.py:893} INFO - 
================================================================================
DAG File Processing Stats

File Path                               PID    Runtime      # DAGs    # Errors  Last Runtime    Last Run
--------------------------------------  -----  ---------  --------  ----------  --------------  -------------------
/opt/airflow/dags/crypto_events_dag.py                           1           0  3.26s           2025-10-25T23:56:08
================================================================================
[2025-10-25T23:56:38.299+0000] {manager.py:759} INFO - Searching for files in /opt/airflow/dags
[2025-10-25T23:56:38.300+0000] {manager.py:762} INFO - There are 1 files in /opt/airflow/dags
[2025-10-25T23:56:49.468+0000] {manager.py:893} INFO - 
================================================================================
DAG File Processing Stats

File Path                               PID    Runtime      # DAGs    # Errors  Last Runtime    Last Run
--------------------------------------  -----  ---------  --------  ----------  --------------  -------------------
/opt/airflow/dags/crypto_events_dag.py                           1           0  3.49s           2025-10-25T23:56:41
================================================================================
[2025-10-25T23:57:17.531+0000] {manager.py:893} INFO - 
================================================================================
DAG File Processing Stats

File Path                               PID    Runtime      # DAGs    # Errors  Last Runtime    Last Run
--------------------------------------  -----  ---------  --------  ----------  --------------  -------------------
/opt/airflow/dags/crypto_events_dag.py                           1           0  3.50s           2025-10-25T23:57:15
================================================================================
[2025-10-25T23:57:45.925+0000] {manager.py:893} INFO - 
================================================================================
DAG File Processing Stats

File Path                               PID    Runtime      # DAGs    # Errors  Last Runtime    Last Run
--------------------------------------  -----  ---------  --------  ----------  --------------  -------------------
/opt/airflow/dags/crypto_events_dag.py                           1           0  4.31s           2025-10-25T23:57:23
================================================================================
[2025-10-25T23:58:14.090+0000] {manager.py:893} INFO - 
================================================================================
DAG File Processing Stats

File Path                               PID    Runtime      # DAGs    # Errors  Last Runtime    Last Run
--------------------------------------  -----  ---------  --------  ----------  --------------  -------------------
/opt/airflow/dags/crypto_events_dag.py                           1           0  2.13s           2025-10-25T23:57:56
================================================================================
[2025-10-25T23:58:42.125+0000] {manager.py:893} INFO - 
================================================================================
DAG File Processing Stats

File Path                               PID    Runtime      # DAGs    # Errors  Last Runtime    Last Run
--------------------------------------  -----  ---------  --------  ----------  --------------  -------------------
/opt/airflow/dags/crypto_events_dag.py                           1           0  3.75s           2025-10-25T23:58:30
================================================================================
[2025-10-25T23:59:10.037+0000] {manager.py:893} INFO - 
================================================================================
DAG File Processing Stats

File Path                               PID    Runtime      # DAGs    # Errors  Last Runtime    Last Run
--------------------------------------  -----  ---------  --------  ----------  --------------  -------------------
/opt/airflow/dags/crypto_events_dag.py                           1           0  3.74s           2025-10-25T23:59:03
================================================================================
[2025-10-25T23:59:38.450+0000] {manager.py:893} INFO - 
================================================================================
DAG File Processing Stats

File Path                               PID    Runtime      # DAGs    # Errors  Last Runtime    Last Run
--------------------------------------  -----  ---------  --------  ----------  --------------  -------------------
/opt/airflow/dags/crypto_events_dag.py                           1           0  3.32s           2025-10-25T23:59:37
================================================================================
[2025-10-26T00:00:06.788+0000] {manager.py:893} INFO - 
================================================================================
DAG File Processing Stats

File Path                               PID    Runtime      # DAGs    # Errors  Last Runtime    Last Run
--------------------------------------  -----  ---------  --------  ----------  --------------  -------------------
/opt/airflow/dags/crypto_events_dag.py                           1           0  3.32s           2025-10-25T23:59:37
================================================================================
[2025-10-26T00:00:34.950+0000] {manager.py:893} INFO - 
================================================================================
DAG File Processing Stats

File Path                               PID    Runtime      # DAGs    # Errors  Last Runtime    Last Run
--------------------------------------  -----  ---------  --------  ----------  --------------  -------------------
/opt/airflow/dags/crypto_events_dag.py                           1           0  3.45s           2025-10-26T00:00:11
================================================================================
[2025-10-26T00:01:03.488+0000] {manager.py:893} INFO - 
================================================================================
DAG File Processing Stats

File Path                               PID    Runtime      # DAGs    # Errors  Last Runtime    Last Run
--------------------------------------  -----  ---------  --------  ----------  --------------  -------------------
/opt/airflow/dags/crypto_events_dag.py                           1           0  1.14s           2025-10-26T00:00:42
================================================================================
[2025-10-26T00:01:32.009+0000] {manager.py:893} INFO - 
================================================================================
DAG File Processing Stats

File Path                               PID    Runtime      # DAGs    # Errors  Last Runtime    Last Run
--------------------------------------  -----  ---------  --------  ----------  --------------  -------------------
/opt/airflow/dags/crypto_events_dag.py                           1           0  3.29s           2025-10-26T00:01:15
================================================================================
[2025-10-26T00:01:39.091+0000] {manager.py:759} INFO - Searching for files in /opt/airflow/dags
[2025-10-26T00:01:39.093+0000] {manager.py:762} INFO - There are 1 files in /opt/airflow/dags
[2025-10-26T00:02:00.406+0000] {manager.py:893} INFO - 
================================================================================
DAG File Processing Stats

File Path                               PID    Runtime      # DAGs    # Errors  Last Runtime    Last Run
--------------------------------------  -----  ---------  --------  ----------  --------------  -------------------
/opt/airflow/dags/crypto_events_dag.py                           1           0  3.27s           2025-10-26T00:01:49
================================================================================
[2025-10-26T00:02:28.728+0000] {manager.py:893} INFO - 
================================================================================
DAG File Processing Stats

File Path                               PID    Runtime      # DAGs    # Errors  Last Runtime    Last Run
--------------------------------------  -----  ---------  --------  ----------  --------------  -------------------
/opt/airflow/dags/crypto_events_dag.py                           1           0  3.50s           2025-10-26T00:02:23
================================================================================
[2025-10-26T00:02:57.410+0000] {manager.py:893} INFO - 
================================================================================
DAG File Processing Stats

File Path                               PID    Runtime      # DAGs    # Errors  Last Runtime    Last Run
--------------------------------------  -----  ---------  --------  ----------  --------------  -------------------
/opt/airflow/dags/crypto_events_dag.py                           1           0  3.24s           2025-10-26T00:02:56
================================================================================
[2025-10-26T00:03:25.752+0000] {manager.py:893} INFO - 
================================================================================
DAG File Processing Stats

File Path                               PID    Runtime      # DAGs    # Errors  Last Runtime    Last Run
--------------------------------------  -----  ---------  --------  ----------  --------------  -------------------
/opt/airflow/dags/crypto_events_dag.py                           1           0  3.24s           2025-10-26T00:02:56
================================================================================
[2025-10-26T00:03:54.068+0000] {manager.py:893} INFO - 
================================================================================
DAG File Processing Stats

File Path                               PID    Runtime      # DAGs    # Errors  Last Runtime    Last Run
--------------------------------------  -----  ---------  --------  ----------  --------------  -------------------
/opt/airflow/dags/crypto_events_dag.py                           1           0  1.03s           2025-10-26T00:03:27
================================================================================
[2025-10-26T00:04:22.593+0000] {manager.py:893} INFO - 
================================================================================
DAG File Processing Stats

File Path                               PID    Runtime      # DAGs    # Errors  Last Runtime    Last Run
--------------------------------------  -----  ---------  --------  ----------  --------------  -------------------
/opt/airflow/dags/crypto_events_dag.py                           1           0  3.23s           2025-10-26T00:04:01
================================================================================
[2025-10-26T00:04:50.719+0000] {manager.py:893} INFO - 
================================================================================
DAG File Processing Stats

File Path                               PID    Runtime      # DAGs    # Errors  Last Runtime    Last Run
--------------------------------------  -----  ---------  --------  ----------  --------------  -------------------
/opt/airflow/dags/crypto_events_dag.py                           1           0  3.88s           2025-10-26T00:04:35
================================================================================
[2025-10-26T00:05:19.064+0000] {manager.py:893} INFO - 
================================================================================
DAG File Processing Stats

File Path                               PID    Runtime      # DAGs    # Errors  Last Runtime    Last Run
--------------------------------------  -----  ---------  --------  ----------  --------------  -------------------
/opt/airflow/dags/crypto_events_dag.py                           1           0  4.17s           2025-10-26T00:05:09
================================================================================
[2025-10-26T00:05:47.337+0000] {manager.py:893} INFO - 
================================================================================
DAG File Processing Stats

File Path                               PID    Runtime      # DAGs    # Errors  Last Runtime    Last Run
--------------------------------------  -----  ---------  --------  ----------  --------------  -------------------
/opt/airflow/dags/crypto_events_dag.py                           1           0  3.49s           2025-10-26T00:05:43
================================================================================
[2025-10-26T00:06:15.650+0000] {manager.py:893} INFO - 
================================================================================
DAG File Processing Stats

File Path                                 PID  Runtime      # DAGs    # Errors  Last Runtime    Last Run
--------------------------------------  -----  ---------  --------  ----------  --------------  -------------------
/opt/airflow/dags/crypto_events_dag.py    829  1.55s             1           0  3.49s           2025-10-26T00:05:43
================================================================================
[2025-10-26T00:06:39.308+0000] {manager.py:759} INFO - Searching for files in /opt/airflow/dags
[2025-10-26T00:06:39.309+0000] {manager.py:762} INFO - There are 1 files in /opt/airflow/dags
[2025-10-26T00:06:43.396+0000] {manager.py:893} INFO - 
================================================================================
DAG File Processing Stats

File Path                               PID    Runtime      # DAGs    # Errors  Last Runtime    Last Run
--------------------------------------  -----  ---------  --------  ----------  --------------  -------------------
/opt/airflow/dags/crypto_events_dag.py                           1           0  1.31s           2025-10-26T00:06:15
================================================================================
[2025-10-26T00:07:10.008+0000] {manager.py:893} INFO - 
================================================================================
DAG File Processing Stats

File Path                               PID    Runtime      # DAGs    # Errors  Last Runtime    Last Run
--------------------------------------  -----  ---------  --------  ----------  --------------  -------------------
/opt/airflow/dags/crypto_events_dag.py                           1           0  3.54s           2025-10-26T00:06:49
================================================================================
[2025-10-26T00:07:37.846+0000] {manager.py:893} INFO - 
================================================================================
DAG File Processing Stats

File Path                               PID    Runtime      # DAGs    # Errors  Last Runtime    Last Run
--------------------------------------  -----  ---------  --------  ----------  --------------  -------------------
/opt/airflow/dags/crypto_events_dag.py                           1           0  3.48s           2025-10-26T00:07:23
================================================================================
[2025-10-26T00:08:06.267+0000] {manager.py:893} INFO - 
================================================================================
DAG File Processing Stats

File Path                               PID    Runtime      # DAGs    # Errors  Last Runtime    Last Run
--------------------------------------  -----  ---------  --------  ----------  --------------  -------------------
/opt/airflow/dags/crypto_events_dag.py                           1           0  3.48s           2025-10-26T00:07:57
================================================================================
[2025-10-26T00:08:34.105+0000] {manager.py:893} INFO - 
================================================================================
DAG File Processing Stats

File Path                               PID    Runtime      # DAGs    # Errors  Last Runtime    Last Run
--------------------------------------  -----  ---------  --------  ----------  --------------  -------------------
/opt/airflow/dags/crypto_events_dag.py                           1           0  3.33s           2025-10-26T00:08:31
================================================================================
[2025-10-26T00:09:02.197+0000] {manager.py:893} INFO - 
================================================================================
DAG File Processing Stats

File Path                                 PID  Runtime      # DAGs    # Errors  Last Runtime    Last Run
--------------------------------------  -----  ---------  --------  ----------  --------------  -------------------
/opt/airflow/dags/crypto_events_dag.py    959  0.72s             1           0  3.33s           2025-10-26T00:08:31
================================================================================
[2025-10-26T00:09:30.476+0000] {manager.py:893} INFO - 
================================================================================
DAG File Processing Stats

File Path                               PID    Runtime      # DAGs    # Errors  Last Runtime    Last Run
--------------------------------------  -----  ---------  --------  ----------  --------------  -------------------
/opt/airflow/dags/crypto_events_dag.py                           1           0  1.47s           2025-10-26T00:09:02
================================================================================
[2025-10-26T00:09:59.191+0000] {manager.py:893} INFO - 
================================================================================
DAG File Processing Stats

File Path                               PID    Runtime      # DAGs    # Errors  Last Runtime    Last Run
--------------------------------------  -----  ---------  --------  ----------  --------------  -------------------
/opt/airflow/dags/crypto_events_dag.py                           1           0  4.12s           2025-10-26T00:09:37
================================================================================
[2025-10-26T00:10:27.966+0000] {manager.py:893} INFO - 
================================================================================
DAG File Processing Stats

File Path                               PID    Runtime      # DAGs    # Errors  Last Runtime    Last Run
--------------------------------------  -----  ---------  --------  ----------  --------------  -------------------
/opt/airflow/dags/crypto_events_dag.py                           1           0  4.21s           2025-10-26T00:10:12
================================================================================
[2025-10-26T00:10:56.205+0000] {manager.py:893} INFO - 
================================================================================
DAG File Processing Stats

File Path                               PID    Runtime      # DAGs    # Errors  Last Runtime    Last Run
--------------------------------------  -----  ---------  --------  ----------  --------------  -------------------
/opt/airflow/dags/crypto_events_dag.py                           1           0  3.90s           2025-10-26T00:10:47
================================================================================
[2025-10-26T00:11:24.281+0000] {manager.py:893} INFO - 
================================================================================
DAG File Processing Stats

File Path                               PID    Runtime      # DAGs    # Errors  Last Runtime    Last Run
--------------------------------------  -----  ---------  --------  ----------  --------------  -------------------
/opt/airflow/dags/crypto_events_dag.py                           1           0  3.78s           2025-10-26T00:11:21
================================================================================
[2025-10-26T00:11:39.472+0000] {manager.py:759} INFO - Searching for files in /opt/airflow/dags
[2025-10-26T00:11:39.473+0000] {manager.py:762} INFO - There are 1 files in /opt/airflow/dags
[2025-10-26T00:11:52.503+0000] {manager.py:893} INFO - 
================================================================================
DAG File Processing Stats

File Path                                 PID  Runtime      # DAGs    # Errors  Last Runtime    Last Run
--------------------------------------  -----  ---------  --------  ----------  --------------  -------------------
/opt/airflow/dags/crypto_events_dag.py   1089  1.01s             1           0  3.78s           2025-10-26T00:11:21
================================================================================
[2025-10-26T00:12:20.636+0000] {manager.py:893} INFO - 
================================================================================
DAG File Processing Stats

File Path                               PID    Runtime      # DAGs    # Errors  Last Runtime    Last Run
--------------------------------------  -----  ---------  --------  ----------  --------------  -------------------
/opt/airflow/dags/crypto_events_dag.py                           1           0  3.93s           2025-10-26T00:11:55
================================================================================
[2025-10-26T00:12:49.130+0000] {manager.py:893} INFO - 
================================================================================
DAG File Processing Stats

File Path                               PID    Runtime      # DAGs    # Errors  Last Runtime    Last Run
--------------------------------------  -----  ---------  --------  ----------  --------------  -------------------
/opt/airflow/dags/crypto_events_dag.py                           1           0  4.13s           2025-10-26T00:12:29
================================================================================
[2025-10-26T00:13:17.594+0000] {manager.py:893} INFO - 
================================================================================
DAG File Processing Stats

File Path                               PID    Runtime      # DAGs    # Errors  Last Runtime    Last Run
--------------------------------------  -----  ---------  --------  ----------  --------------  -------------------
/opt/airflow/dags/crypto_events_dag.py                           1           0  4.04s           2025-10-26T00:13:04
================================================================================
[2025-10-26T00:13:46.006+0000] {manager.py:893} INFO - 
================================================================================
DAG File Processing Stats

File Path                               PID    Runtime      # DAGs    # Errors  Last Runtime    Last Run
--------------------------------------  -----  ---------  --------  ----------  --------------  -------------------
/opt/airflow/dags/crypto_events_dag.py                           1           0  3.88s           2025-10-26T00:13:38
================================================================================
[2025-10-26T00:14:14.105+0000] {manager.py:893} INFO - 
================================================================================
DAG File Processing Stats

File Path                               PID    Runtime      # DAGs    # Errors  Last Runtime    Last Run
--------------------------------------  -----  ---------  --------  ----------  --------------  -------------------
/opt/airflow/dags/crypto_events_dag.py                           1           0  4.50s           2025-10-26T00:14:14
================================================================================
[2025-10-26T00:14:42.412+0000] {manager.py:893} INFO - 
================================================================================
DAG File Processing Stats

File Path                               PID    Runtime      # DAGs    # Errors  Last Runtime    Last Run
--------------------------------------  -----  ---------  --------  ----------  --------------  -------------------
/opt/airflow/dags/crypto_events_dag.py                           1           0  4.50s           2025-10-26T00:14:14
================================================================================
[2025-10-26T00:15:10.529+0000] {manager.py:893} INFO - 
================================================================================
DAG File Processing Stats

File Path                               PID    Runtime      # DAGs    # Errors  Last Runtime    Last Run
--------------------------------------  -----  ---------  --------  ----------  --------------  -------------------
/opt/airflow/dags/crypto_events_dag.py                           1           0  3.92s           2025-10-26T00:14:48
================================================================================
[2025-10-26T00:15:38.988+0000] {manager.py:893} INFO - 
================================================================================
DAG File Processing Stats

File Path                               PID    Runtime      # DAGs    # Errors  Last Runtime    Last Run
--------------------------------------  -----  ---------  --------  ----------  --------------  -------------------
/opt/airflow/dags/crypto_events_dag.py                           1           0  4.11s           2025-10-26T00:15:22
================================================================================
[2025-10-26T00:16:07.477+0000] {manager.py:893} INFO - 
================================================================================
DAG File Processing Stats

File Path                               PID    Runtime      # DAGs    # Errors  Last Runtime    Last Run
--------------------------------------  -----  ---------  --------  ----------  --------------  -------------------
/opt/airflow/dags/crypto_events_dag.py                           1           0  4.05s           2025-10-26T00:15:57
================================================================================
[2025-10-26T00:16:35.648+0000] {manager.py:893} INFO - 
================================================================================
DAG File Processing Stats

File Path                               PID    Runtime      # DAGs    # Errors  Last Runtime    Last Run
--------------------------------------  -----  ---------  --------  ----------  --------------  -------------------
/opt/airflow/dags/crypto_events_dag.py                           1           0  3.76s           2025-10-26T00:16:31
================================================================================
[2025-10-26T00:16:39.800+0000] {manager.py:759} INFO - Searching for files in /opt/airflow/dags
[2025-10-26T00:16:39.802+0000] {manager.py:762} INFO - There are 1 files in /opt/airflow/dags
[2025-10-26T00:17:04.466+0000] {manager.py:893} INFO - 
================================================================================
DAG File Processing Stats

File Path                                 PID  Runtime      # DAGs    # Errors  Last Runtime    Last Run
--------------------------------------  -----  ---------  --------  ----------  --------------  -------------------
/opt/airflow/dags/crypto_events_dag.py   1323  2.11s             1           0  3.76s           2025-10-26T00:16:31
================================================================================
[2025-10-26T00:17:32.887+0000] {manager.py:893} INFO - 
================================================================================
DAG File Processing Stats

File Path                               PID    Runtime      # DAGs    # Errors  Last Runtime    Last Run
--------------------------------------  -----  ---------  --------  ----------  --------------  -------------------
/opt/airflow/dags/crypto_events_dag.py                           1           0  3.96s           2025-10-26T00:17:06
================================================================================
[2025-10-26T00:18:00.803+0000] {manager.py:893} INFO - 
================================================================================
DAG File Processing Stats

File Path                               PID    Runtime      # DAGs    # Errors  Last Runtime    Last Run
--------------------------------------  -----  ---------  --------  ----------  --------------  -------------------
/opt/airflow/dags/crypto_events_dag.py                           1           0  3.85s           2025-10-26T00:17:40
================================================================================
[2025-10-26T00:18:29.062+0000] {manager.py:893} INFO - 
================================================================================
DAG File Processing Stats

File Path                               PID    Runtime      # DAGs    # Errors  Last Runtime    Last Run
--------------------------------------  -----  ---------  --------  ----------  --------------  -------------------
/opt/airflow/dags/crypto_events_dag.py                           1           0  3.92s           2025-10-26T00:18:14
================================================================================
[2025-10-26T00:18:57.111+0000] {manager.py:893} INFO - 
================================================================================
DAG File Processing Stats

File Path                               PID    Runtime      # DAGs    # Errors  Last Runtime    Last Run
--------------------------------------  -----  ---------  --------  ----------  --------------  -------------------
/opt/airflow/dags/crypto_events_dag.py                           1           0  1.45s           2025-10-26T00:18:46
================================================================================
[2025-10-26T00:19:25.295+0000] {manager.py:893} INFO - 
================================================================================
DAG File Processing Stats

File Path                               PID    Runtime      # DAGs    # Errors  Last Runtime    Last Run
--------------------------------------  -----  ---------  --------  ----------  --------------  -------------------
/opt/airflow/dags/crypto_events_dag.py                           1           0  4.30s           2025-10-26T00:19:21
================================================================================
[2025-10-26T00:19:53.437+0000] {manager.py:893} INFO - 
================================================================================
DAG File Processing Stats

File Path                                 PID  Runtime      # DAGs    # Errors  Last Runtime    Last Run
--------------------------------------  -----  ---------  --------  ----------  --------------  -------------------
/opt/airflow/dags/crypto_events_dag.py   1453  1.81s             1           0  4.30s           2025-10-26T00:19:21
================================================================================
[2025-10-26T00:20:21.501+0000] {manager.py:893} INFO - 
================================================================================
DAG File Processing Stats

File Path                               PID    Runtime      # DAGs    # Errors  Last Runtime    Last Run
--------------------------------------  -----  ---------  --------  ----------  --------------  -------------------
/opt/airflow/dags/crypto_events_dag.py                           1           0  3.78s           2025-10-26T00:19:55
================================================================================
[2025-10-26T00:20:50.105+0000] {manager.py:893} INFO - 
================================================================================
DAG File Processing Stats

File Path                               PID    Runtime      # DAGs    # Errors  Last Runtime    Last Run
--------------------------------------  -----  ---------  --------  ----------  --------------  -------------------
/opt/airflow/dags/crypto_events_dag.py                           1           0  3.36s           2025-10-26T00:20:28
================================================================================
