[2025-10-25T23:46:25.009+0000] {manager.py:487} INFO - Processing files using up to 2 processes at a time 
[2025-10-25T23:46:25.009+0000] {manager.py:488} INFO - Process each file at most once every 30 seconds
[2025-10-25T23:46:25.009+0000] {manager.py:489} INFO - Checking for new files in /opt/airflow/dags every 300 seconds
[2025-10-25T23:46:25.010+0000] {manager.py:759} INFO - Searching for files in /opt/airflow/dags
[2025-10-25T23:46:25.012+0000] {manager.py:762} INFO - There are 1 files in /opt/airflow/dags
[2025-10-25T23:46:25.137+0000] {manager.py:893} INFO - 
================================================================================
DAG File Processing Stats

File Path                                 PID  Runtime      # DAGs    # Errors  Last Runtime    Last Run
--------------------------------------  -----  ---------  --------  ----------  --------------  ----------
/opt/airflow/dags/crypto_events_dag.py     49  0.02s             0           0
================================================================================
[2025-10-25T23:46:53.430+0000] {manager.py:893} INFO - 
================================================================================
DAG File Processing Stats

File Path                               PID    Runtime      # DAGs    # Errors  Last Runtime    Last Run
--------------------------------------  -----  ---------  --------  ----------  --------------  -------------------
/opt/airflow/dags/crypto_events_dag.py                           1           0  7.38s           2025-10-25T23:46:32
================================================================================
[2025-10-25T23:47:21.600+0000] {manager.py:893} INFO - 
================================================================================
DAG File Processing Stats

File Path                               PID    Runtime      # DAGs    # Errors  Last Runtime    Last Run
--------------------------------------  -----  ---------  --------  ----------  --------------  -------------------
/opt/airflow/dags/crypto_events_dag.py                           1           0  3.96s           2025-10-25T23:47:06
================================================================================
[2025-10-25T23:47:30.976+0000] {manager.py:469} INFO - Exiting gracefully upon receiving signal 15
[2025-10-25T23:47:46.555+0000] {manager.py:487} INFO - Processing files using up to 2 processes at a time 
[2025-10-25T23:47:46.556+0000] {manager.py:488} INFO - Process each file at most once every 30 seconds
[2025-10-25T23:47:46.557+0000] {manager.py:489} INFO - Checking for new files in /opt/airflow/dags every 300 seconds
[2025-10-25T23:47:46.557+0000] {manager.py:759} INFO - Searching for files in /opt/airflow/dags
[2025-10-25T23:47:46.560+0000] {manager.py:762} INFO - There are 1 files in /opt/airflow/dags
[2025-10-25T23:47:46.727+0000] {manager.py:893} INFO - 
================================================================================
DAG File Processing Stats

File Path                                 PID  Runtime      # DAGs    # Errors  Last Runtime    Last Run
--------------------------------------  -----  ---------  --------  ----------  --------------  ----------
/opt/airflow/dags/crypto_events_dag.py     49  0.03s             0           0
================================================================================
[2025-10-25T23:48:15.108+0000] {manager.py:893} INFO - 
================================================================================
DAG File Processing Stats

File Path                               PID    Runtime      # DAGs    # Errors  Last Runtime    Last Run
--------------------------------------  -----  ---------  --------  ----------  --------------  -------------------
/opt/airflow/dags/crypto_events_dag.py                           1           0  6.70s           2025-10-25T23:47:53
================================================================================
[2025-10-25T23:48:43.383+0000] {manager.py:893} INFO - 
================================================================================
DAG File Processing Stats

File Path                               PID    Runtime      # DAGs    # Errors  Last Runtime    Last Run
--------------------------------------  -----  ---------  --------  ----------  --------------  -------------------
/opt/airflow/dags/crypto_events_dag.py                           1           0  4.53s           2025-10-25T23:48:28
================================================================================
[2025-10-25T23:49:11.710+0000] {manager.py:893} INFO - 
================================================================================
DAG File Processing Stats

File Path                               PID    Runtime      # DAGs    # Errors  Last Runtime    Last Run
--------------------------------------  -----  ---------  --------  ----------  --------------  -------------------
/opt/airflow/dags/crypto_events_dag.py                           1           0  3.15s           2025-10-25T23:49:01
================================================================================
[2025-10-25T23:49:40.316+0000] {manager.py:893} INFO - 
================================================================================
DAG File Processing Stats

File Path                               PID    Runtime      # DAGs    # Errors  Last Runtime    Last Run
--------------------------------------  -----  ---------  --------  ----------  --------------  -------------------
/opt/airflow/dags/crypto_events_dag.py                           1           0  2.91s           2025-10-25T23:49:35
================================================================================
[2025-10-25T23:50:09.088+0000] {manager.py:893} INFO - 
================================================================================
DAG File Processing Stats

File Path                                 PID  Runtime      # DAGs    # Errors  Last Runtime    Last Run
--------------------------------------  -----  ---------  --------  ----------  --------------  -------------------
/opt/airflow/dags/crypto_events_dag.py    153  3.09s             1           0  2.91s           2025-10-25T23:49:35
================================================================================
[2025-10-25T23:50:18.599+0000] {manager.py:469} INFO - Exiting gracefully upon receiving signal 15
