[2025-10-25T23:53:56.113+0000] {taskinstance.py:1157} INFO - Dependencies all met for dep_context=non-requeueable deps ti=<TaskInstance: crypto_events_dag.build_events_candidate manual__2025-10-25T23:53:47+00:00 [queued]>
[2025-10-25T23:53:56.123+0000] {taskinstance.py:1157} INFO - Dependencies all met for dep_context=requeueable deps ti=<TaskInstance: crypto_events_dag.build_events_candidate manual__2025-10-25T23:53:47+00:00 [queued]>
[2025-10-25T23:53:56.124+0000] {taskinstance.py:1359} INFO - Starting attempt 1 of 1
[2025-10-25T23:53:56.142+0000] {taskinstance.py:1380} INFO - Executing <Task(PythonOperator): build_events_candidate> on 2025-10-25 23:53:47+00:00
[2025-10-25T23:53:56.156+0000] {standard_task_runner.py:57} INFO - Started process 454 to run task
[2025-10-25T23:53:56.162+0000] {standard_task_runner.py:84} INFO - Running: ['***', 'tasks', 'run', 'crypto_events_dag', 'build_events_candidate', 'manual__2025-10-25T23:53:47+00:00', '--job-id', '15', '--raw', '--subdir', 'DAGS_FOLDER/crypto_events_dag.py', '--cfg-path', '/tmp/tmpyxacblc0']
[2025-10-25T23:53:56.163+0000] {standard_task_runner.py:85} INFO - Job 15: Subtask build_events_candidate
[2025-10-25T23:53:56.233+0000] {task_command.py:415} INFO - Running <TaskInstance: crypto_events_dag.build_events_candidate manual__2025-10-25T23:53:47+00:00 [running]> on host b3f230ac7af6
[2025-10-25T23:53:56.320+0000] {taskinstance.py:1660} INFO - Exporting env vars: AIRFLOW_CTX_DAG_OWNER='data-eng' AIRFLOW_CTX_DAG_ID='crypto_events_dag' AIRFLOW_CTX_TASK_ID='build_events_candidate' AIRFLOW_CTX_EXECUTION_DATE='2025-10-25T23:53:47+00:00' AIRFLOW_CTX_TRY_NUMBER='1' AIRFLOW_CTX_DAG_RUN_ID='manual__2025-10-25T23:53:47+00:00'
[2025-10-25T23:53:56.331+0000] {base.py:73} INFO - Using connection ID 'crypto_postgres' for task execution.
[2025-10-25T23:53:56.338+0000] {sql.py:418} INFO - Running statement: 
        BEGIN;
        TRUNCATE TABLE staging.bt_crypto_events_candidate;
        WITH source AS (
            SELECT site_id,
                   user_id,
                   CASE
                       WHEN purchase_date ~ %(regex)s THEN to_date(purchase_date, 'DD/MM/YYYY')
                       ELSE NULL
                   END AS purchase_date_converted,
                   crypto_type,
                   purchase_price,
                   purchase_units
            FROM raw.bt_crypto_transaction_history
            WHERE inserted_at >= now() - (%(window)s)::interval
        ),
        filtered AS (
            SELECT *
            FROM source
            WHERE purchase_date_converted BETWEEN CURRENT_DATE - (%(range)s)::interval AND CURRENT_DATE
        )
        INSERT INTO staging.bt_crypto_events_candidate (
            site_id,
            user_id,
            purchase_date,
            crypto_type,
            purchase_price,
            purchase_units,
            purchase_value,
            staged_at
        )
        SELECT site_id,
               user_id,
               purchase_date_converted,
               crypto_type,
               purchase_price,
               purchase_units,
               ROUND(purchase_price * purchase_units, 8) AS purchase_value,
               now()
        FROM filtered;
        COMMIT;
        , parameters: {'regex': '^(0?[1-9]|[12][0-9]|3[01])/(0?[1-9]|1[0-2])/20[0-9]{2}$', 'window': '5 days', 'range': '4 day'}
[2025-10-25T23:53:56.351+0000] {python.py:194} INFO - Done. Returned value was: None
[2025-10-25T23:53:56.362+0000] {taskinstance.py:1398} INFO - Marking task as SUCCESS. dag_id=crypto_events_dag, task_id=build_events_candidate, execution_date=20251025T235347, start_date=20251025T235356, end_date=20251025T235356
[2025-10-25T23:53:56.425+0000] {local_task_job_runner.py:228} INFO - Task exited with return code 0
[2025-10-25T23:53:56.461+0000] {taskinstance.py:2776} INFO - 1 downstream tasks scheduled from follow-on schedule check
