[2025-10-25T23:51:38.318+0000] {processor.py:157} INFO - Started process (PID=49) to work on /opt/airflow/dags/crypto_events_dag.py
[2025-10-25T23:51:38.319+0000] {processor.py:829} INFO - Processing file /opt/airflow/dags/crypto_events_dag.py for tasks to queue
[2025-10-25T23:51:38.321+0000] {logging_mixin.py:151} INFO - [2025-10-25T23:51:38.320+0000] {dagbag.py:539} INFO - Filling up the DagBag from /opt/airflow/dags/crypto_events_dag.py
[2025-10-25T23:51:43.133+0000] {logging_mixin.py:151} INFO - [2025-10-25T23:51:43.131+0000] {warnings.py:109} WARNING - /home/airflow/.local/lib/python3.8/site-packages/snowflake/connector/options.py:103: UserWarning: You have an incompatible version of 'pyarrow' installed (11.0.0), please install a version that adheres to: 'pyarrow<10.1.0,>=10.0.1; extra == "pandas"'
  warn_incompatible_dep(
[2025-10-25T23:51:45.203+0000] {logging_mixin.py:151} INFO - [2025-10-25T23:51:45.202+0000] {warnings.py:109} WARNING - /opt/airflow/dags/crypto_events_dag.py:338: RemovedInAirflow3Warning: Param `schedule_interval` is deprecated and will be removed in a future release. Please use `schedule` instead. 
  with DAG(
[2025-10-25T23:51:45.213+0000] {processor.py:839} INFO - DAG(s) dict_keys(['crypto_events_dag']) retrieved from /opt/airflow/dags/crypto_events_dag.py
[2025-10-25T23:51:45.245+0000] {logging_mixin.py:151} INFO - [2025-10-25T23:51:45.244+0000] {dag.py:2915} INFO - Sync 1 DAGs
[2025-10-25T23:51:45.305+0000] {processor.py:179} INFO - Processing /opt/airflow/dags/crypto_events_dag.py took 6.991 seconds
[2025-10-25T23:52:16.241+0000] {processor.py:157} INFO - Started process (PID=75) to work on /opt/airflow/dags/crypto_events_dag.py
[2025-10-25T23:52:16.243+0000] {processor.py:829} INFO - Processing file /opt/airflow/dags/crypto_events_dag.py for tasks to queue
[2025-10-25T23:52:16.245+0000] {logging_mixin.py:151} INFO - [2025-10-25T23:52:16.245+0000] {dagbag.py:539} INFO - Filling up the DagBag from /opt/airflow/dags/crypto_events_dag.py
[2025-10-25T23:52:17.989+0000] {logging_mixin.py:151} INFO - [2025-10-25T23:52:17.988+0000] {warnings.py:109} WARNING - /home/airflow/.local/lib/python3.8/site-packages/snowflake/connector/options.py:103: UserWarning: You have an incompatible version of 'pyarrow' installed (11.0.0), please install a version that adheres to: 'pyarrow<10.1.0,>=10.0.1; extra == "pandas"'
  warn_incompatible_dep(
[2025-10-25T23:52:19.496+0000] {logging_mixin.py:151} INFO - [2025-10-25T23:52:19.496+0000] {warnings.py:109} WARNING - /opt/airflow/dags/crypto_events_dag.py:338: RemovedInAirflow3Warning: Param `schedule_interval` is deprecated and will be removed in a future release. Please use `schedule` instead. 
  with DAG(
[2025-10-25T23:52:19.506+0000] {processor.py:839} INFO - DAG(s) dict_keys(['crypto_events_dag']) retrieved from /opt/airflow/dags/crypto_events_dag.py
[2025-10-25T23:52:19.547+0000] {logging_mixin.py:151} INFO - [2025-10-25T23:52:19.546+0000] {dag.py:2915} INFO - Sync 1 DAGs
[2025-10-25T23:52:19.597+0000] {processor.py:179} INFO - Processing /opt/airflow/dags/crypto_events_dag.py took 3.358 seconds
[2025-10-25T23:52:49.707+0000] {processor.py:157} INFO - Started process (PID=101) to work on /opt/airflow/dags/crypto_events_dag.py
[2025-10-25T23:52:49.709+0000] {processor.py:829} INFO - Processing file /opt/airflow/dags/crypto_events_dag.py for tasks to queue
[2025-10-25T23:52:49.711+0000] {logging_mixin.py:151} INFO - [2025-10-25T23:52:49.711+0000] {dagbag.py:539} INFO - Filling up the DagBag from /opt/airflow/dags/crypto_events_dag.py
[2025-10-25T23:52:51.720+0000] {logging_mixin.py:151} INFO - [2025-10-25T23:52:51.719+0000] {warnings.py:109} WARNING - /home/airflow/.local/lib/python3.8/site-packages/snowflake/connector/options.py:103: UserWarning: You have an incompatible version of 'pyarrow' installed (11.0.0), please install a version that adheres to: 'pyarrow<10.1.0,>=10.0.1; extra == "pandas"'
  warn_incompatible_dep(
[2025-10-25T23:52:53.310+0000] {logging_mixin.py:151} INFO - [2025-10-25T23:52:53.309+0000] {warnings.py:109} WARNING - /opt/airflow/dags/crypto_events_dag.py:338: RemovedInAirflow3Warning: Param `schedule_interval` is deprecated and will be removed in a future release. Please use `schedule` instead. 
  with DAG(
[2025-10-25T23:52:53.317+0000] {processor.py:839} INFO - DAG(s) dict_keys(['crypto_events_dag']) retrieved from /opt/airflow/dags/crypto_events_dag.py
[2025-10-25T23:52:53.348+0000] {logging_mixin.py:151} INFO - [2025-10-25T23:52:53.348+0000] {dag.py:2915} INFO - Sync 1 DAGs
[2025-10-25T23:52:53.373+0000] {logging_mixin.py:151} INFO - [2025-10-25T23:52:53.373+0000] {dag.py:3696} INFO - Setting next_dagrun for crypto_events_dag to 2025-10-25T00:00:00+00:00, run_after=2025-10-26T00:00:00+00:00
[2025-10-25T23:52:53.395+0000] {processor.py:179} INFO - Processing /opt/airflow/dags/crypto_events_dag.py took 3.692 seconds
[2025-10-25T23:53:23.689+0000] {processor.py:157} INFO - Started process (PID=127) to work on /opt/airflow/dags/crypto_events_dag.py
[2025-10-25T23:53:23.690+0000] {processor.py:829} INFO - Processing file /opt/airflow/dags/crypto_events_dag.py for tasks to queue
[2025-10-25T23:53:23.692+0000] {logging_mixin.py:151} INFO - [2025-10-25T23:53:23.691+0000] {dagbag.py:539} INFO - Filling up the DagBag from /opt/airflow/dags/crypto_events_dag.py
[2025-10-25T23:53:25.488+0000] {logging_mixin.py:151} INFO - [2025-10-25T23:53:25.487+0000] {warnings.py:109} WARNING - /home/airflow/.local/lib/python3.8/site-packages/snowflake/connector/options.py:103: UserWarning: You have an incompatible version of 'pyarrow' installed (11.0.0), please install a version that adheres to: 'pyarrow<10.1.0,>=10.0.1; extra == "pandas"'
  warn_incompatible_dep(
[2025-10-25T23:53:27.016+0000] {logging_mixin.py:151} INFO - [2025-10-25T23:53:27.016+0000] {warnings.py:109} WARNING - /opt/airflow/dags/crypto_events_dag.py:338: RemovedInAirflow3Warning: Param `schedule_interval` is deprecated and will be removed in a future release. Please use `schedule` instead. 
  with DAG(
[2025-10-25T23:53:27.024+0000] {processor.py:839} INFO - DAG(s) dict_keys(['crypto_events_dag']) retrieved from /opt/airflow/dags/crypto_events_dag.py
[2025-10-25T23:53:27.060+0000] {logging_mixin.py:151} INFO - [2025-10-25T23:53:27.060+0000] {dag.py:2915} INFO - Sync 1 DAGs
[2025-10-25T23:53:27.085+0000] {logging_mixin.py:151} INFO - [2025-10-25T23:53:27.084+0000] {dag.py:3696} INFO - Setting next_dagrun for crypto_events_dag to 2025-10-25T00:00:00+00:00, run_after=2025-10-26T00:00:00+00:00
[2025-10-25T23:53:27.104+0000] {processor.py:179} INFO - Processing /opt/airflow/dags/crypto_events_dag.py took 3.418 seconds
[2025-10-25T23:53:57.226+0000] {processor.py:157} INFO - Started process (PID=153) to work on /opt/airflow/dags/crypto_events_dag.py
[2025-10-25T23:53:57.228+0000] {processor.py:829} INFO - Processing file /opt/airflow/dags/crypto_events_dag.py for tasks to queue
[2025-10-25T23:53:57.231+0000] {logging_mixin.py:151} INFO - [2025-10-25T23:53:57.231+0000] {dagbag.py:539} INFO - Filling up the DagBag from /opt/airflow/dags/crypto_events_dag.py
[2025-10-25T23:53:59.227+0000] {logging_mixin.py:151} INFO - [2025-10-25T23:53:59.226+0000] {warnings.py:109} WARNING - /home/airflow/.local/lib/python3.8/site-packages/snowflake/connector/options.py:103: UserWarning: You have an incompatible version of 'pyarrow' installed (11.0.0), please install a version that adheres to: 'pyarrow<10.1.0,>=10.0.1; extra == "pandas"'
  warn_incompatible_dep(
[2025-10-25T23:54:00.799+0000] {logging_mixin.py:151} INFO - [2025-10-25T23:54:00.799+0000] {warnings.py:109} WARNING - /opt/airflow/dags/crypto_events_dag.py:338: RemovedInAirflow3Warning: Param `schedule_interval` is deprecated and will be removed in a future release. Please use `schedule` instead. 
  with DAG(
[2025-10-25T23:54:00.810+0000] {processor.py:839} INFO - DAG(s) dict_keys(['crypto_events_dag']) retrieved from /opt/airflow/dags/crypto_events_dag.py
[2025-10-25T23:54:00.845+0000] {logging_mixin.py:151} INFO - [2025-10-25T23:54:00.844+0000] {dag.py:2915} INFO - Sync 1 DAGs
[2025-10-25T23:54:00.910+0000] {processor.py:179} INFO - Processing /opt/airflow/dags/crypto_events_dag.py took 3.688 seconds
[2025-10-25T23:54:31.635+0000] {processor.py:157} INFO - Started process (PID=179) to work on /opt/airflow/dags/crypto_events_dag.py
[2025-10-25T23:54:31.639+0000] {processor.py:829} INFO - Processing file /opt/airflow/dags/crypto_events_dag.py for tasks to queue
[2025-10-25T23:54:31.640+0000] {logging_mixin.py:151} INFO - [2025-10-25T23:54:31.640+0000] {dagbag.py:539} INFO - Filling up the DagBag from /opt/airflow/dags/crypto_events_dag.py
[2025-10-25T23:54:33.237+0000] {logging_mixin.py:151} INFO - [2025-10-25T23:54:33.237+0000] {warnings.py:109} WARNING - /home/airflow/.local/lib/python3.8/site-packages/snowflake/connector/options.py:103: UserWarning: You have an incompatible version of 'pyarrow' installed (11.0.0), please install a version that adheres to: 'pyarrow<10.1.0,>=10.0.1; extra == "pandas"'
  warn_incompatible_dep(
[2025-10-25T23:54:34.726+0000] {logging_mixin.py:151} INFO - [2025-10-25T23:54:34.726+0000] {warnings.py:109} WARNING - /opt/airflow/dags/crypto_events_dag.py:338: RemovedInAirflow3Warning: Param `schedule_interval` is deprecated and will be removed in a future release. Please use `schedule` instead. 
  with DAG(
[2025-10-25T23:54:34.734+0000] {processor.py:839} INFO - DAG(s) dict_keys(['crypto_events_dag']) retrieved from /opt/airflow/dags/crypto_events_dag.py
[2025-10-25T23:54:34.763+0000] {logging_mixin.py:151} INFO - [2025-10-25T23:54:34.763+0000] {dag.py:2915} INFO - Sync 1 DAGs
[2025-10-25T23:54:34.789+0000] {logging_mixin.py:151} INFO - [2025-10-25T23:54:34.788+0000] {dag.py:3696} INFO - Setting next_dagrun for crypto_events_dag to 2025-10-25T00:00:00+00:00, run_after=2025-10-26T00:00:00+00:00
[2025-10-25T23:54:34.809+0000] {processor.py:179} INFO - Processing /opt/airflow/dags/crypto_events_dag.py took 3.176 seconds
[2025-10-25T23:54:36.756+0000] {processor.py:157} INFO - Started process (PID=205) to work on /opt/airflow/dags/crypto_events_dag.py
[2025-10-25T23:54:36.756+0000] {processor.py:829} INFO - Processing file /opt/airflow/dags/crypto_events_dag.py for tasks to queue
[2025-10-25T23:54:36.758+0000] {logging_mixin.py:151} INFO - [2025-10-25T23:54:36.757+0000] {dagbag.py:539} INFO - Filling up the DagBag from /opt/airflow/dags/crypto_events_dag.py
[2025-10-25T23:54:38.375+0000] {logging_mixin.py:151} INFO - [2025-10-25T23:54:38.374+0000] {warnings.py:109} WARNING - /home/airflow/.local/lib/python3.8/site-packages/snowflake/connector/options.py:103: UserWarning: You have an incompatible version of 'pyarrow' installed (11.0.0), please install a version that adheres to: 'pyarrow<10.1.0,>=10.0.1; extra == "pandas"'
  warn_incompatible_dep(
[2025-10-25T23:54:39.781+0000] {processor.py:839} INFO - DAG(s) dict_keys(['crypto_events_dag']) retrieved from /opt/airflow/dags/crypto_events_dag.py
[2025-10-25T23:54:39.812+0000] {logging_mixin.py:151} INFO - [2025-10-25T23:54:39.812+0000] {dag.py:2915} INFO - Sync 1 DAGs
[2025-10-25T23:54:39.839+0000] {logging_mixin.py:151} INFO - [2025-10-25T23:54:39.839+0000] {dag.py:3696} INFO - Setting next_dagrun for crypto_events_dag to 2025-10-25T00:00:00+00:00, run_after=2025-10-26T00:00:00+00:00
[2025-10-25T23:54:39.865+0000] {processor.py:179} INFO - Processing /opt/airflow/dags/crypto_events_dag.py took 3.111 seconds
[2025-10-25T23:54:41.880+0000] {processor.py:157} INFO - Started process (PID=231) to work on /opt/airflow/dags/crypto_events_dag.py
[2025-10-25T23:54:41.881+0000] {processor.py:829} INFO - Processing file /opt/airflow/dags/crypto_events_dag.py for tasks to queue
[2025-10-25T23:54:41.883+0000] {logging_mixin.py:151} INFO - [2025-10-25T23:54:41.882+0000] {dagbag.py:539} INFO - Filling up the DagBag from /opt/airflow/dags/crypto_events_dag.py
[2025-10-25T23:54:43.573+0000] {logging_mixin.py:151} INFO - [2025-10-25T23:54:43.571+0000] {warnings.py:109} WARNING - /home/airflow/.local/lib/python3.8/site-packages/snowflake/connector/options.py:103: UserWarning: You have an incompatible version of 'pyarrow' installed (11.0.0), please install a version that adheres to: 'pyarrow<10.1.0,>=10.0.1; extra == "pandas"'
  warn_incompatible_dep(
[2025-10-25T23:54:44.993+0000] {processor.py:839} INFO - DAG(s) dict_keys(['crypto_events_dag']) retrieved from /opt/airflow/dags/crypto_events_dag.py
[2025-10-25T23:54:45.027+0000] {logging_mixin.py:151} INFO - [2025-10-25T23:54:45.026+0000] {dag.py:2915} INFO - Sync 1 DAGs
[2025-10-25T23:54:45.058+0000] {logging_mixin.py:151} INFO - [2025-10-25T23:54:45.057+0000] {dag.py:3696} INFO - Setting next_dagrun for crypto_events_dag to 2025-10-25T00:00:00+00:00, run_after=2025-10-26T00:00:00+00:00
[2025-10-25T23:54:45.082+0000] {processor.py:179} INFO - Processing /opt/airflow/dags/crypto_events_dag.py took 3.204 seconds
[2025-10-25T23:54:51.268+0000] {processor.py:157} INFO - Started process (PID=257) to work on /opt/airflow/dags/crypto_events_dag.py
[2025-10-25T23:54:51.269+0000] {processor.py:829} INFO - Processing file /opt/airflow/dags/crypto_events_dag.py for tasks to queue
[2025-10-25T23:54:51.271+0000] {logging_mixin.py:151} INFO - [2025-10-25T23:54:51.271+0000] {dagbag.py:539} INFO - Filling up the DagBag from /opt/airflow/dags/crypto_events_dag.py
[2025-10-25T23:54:53.021+0000] {logging_mixin.py:151} INFO - [2025-10-25T23:54:53.020+0000] {warnings.py:109} WARNING - /home/airflow/.local/lib/python3.8/site-packages/snowflake/connector/options.py:103: UserWarning: You have an incompatible version of 'pyarrow' installed (11.0.0), please install a version that adheres to: 'pyarrow<10.1.0,>=10.0.1; extra == "pandas"'
  warn_incompatible_dep(
[2025-10-25T23:54:54.489+0000] {processor.py:839} INFO - DAG(s) dict_keys(['crypto_events_dag']) retrieved from /opt/airflow/dags/crypto_events_dag.py
[2025-10-25T23:54:54.521+0000] {logging_mixin.py:151} INFO - [2025-10-25T23:54:54.520+0000] {dag.py:2915} INFO - Sync 1 DAGs
[2025-10-25T23:54:54.547+0000] {logging_mixin.py:151} INFO - [2025-10-25T23:54:54.547+0000] {dag.py:3696} INFO - Setting next_dagrun for crypto_events_dag to 2025-10-25T00:00:00+00:00, run_after=2025-10-26T00:00:00+00:00
[2025-10-25T23:54:54.572+0000] {processor.py:179} INFO - Processing /opt/airflow/dags/crypto_events_dag.py took 3.306 seconds
[2025-10-25T23:54:57.570+0000] {processor.py:157} INFO - Started process (PID=283) to work on /opt/airflow/dags/crypto_events_dag.py
[2025-10-25T23:54:57.571+0000] {processor.py:829} INFO - Processing file /opt/airflow/dags/crypto_events_dag.py for tasks to queue
[2025-10-25T23:54:57.573+0000] {logging_mixin.py:151} INFO - [2025-10-25T23:54:57.572+0000] {dagbag.py:539} INFO - Filling up the DagBag from /opt/airflow/dags/crypto_events_dag.py
[2025-10-25T23:54:59.226+0000] {logging_mixin.py:151} INFO - [2025-10-25T23:54:59.225+0000] {warnings.py:109} WARNING - /home/airflow/.local/lib/python3.8/site-packages/snowflake/connector/options.py:103: UserWarning: You have an incompatible version of 'pyarrow' installed (11.0.0), please install a version that adheres to: 'pyarrow<10.1.0,>=10.0.1; extra == "pandas"'
  warn_incompatible_dep(
[2025-10-25T23:55:00.700+0000] {processor.py:839} INFO - DAG(s) dict_keys(['crypto_events_dag']) retrieved from /opt/airflow/dags/crypto_events_dag.py
[2025-10-25T23:55:00.736+0000] {logging_mixin.py:151} INFO - [2025-10-25T23:55:00.736+0000] {dag.py:2915} INFO - Sync 1 DAGs
[2025-10-25T23:55:00.759+0000] {logging_mixin.py:151} INFO - [2025-10-25T23:55:00.759+0000] {dag.py:3696} INFO - Setting next_dagrun for crypto_events_dag to 2025-10-25T00:00:00+00:00, run_after=2025-10-26T00:00:00+00:00
[2025-10-25T23:55:00.784+0000] {processor.py:179} INFO - Processing /opt/airflow/dags/crypto_events_dag.py took 3.216 seconds
[2025-10-25T23:55:31.122+0000] {processor.py:157} INFO - Started process (PID=309) to work on /opt/airflow/dags/crypto_events_dag.py
[2025-10-25T23:55:31.123+0000] {processor.py:829} INFO - Processing file /opt/airflow/dags/crypto_events_dag.py for tasks to queue
[2025-10-25T23:55:31.126+0000] {logging_mixin.py:151} INFO - [2025-10-25T23:55:31.125+0000] {dagbag.py:539} INFO - Filling up the DagBag from /opt/airflow/dags/crypto_events_dag.py
[2025-10-25T23:55:32.974+0000] {logging_mixin.py:151} INFO - [2025-10-25T23:55:32.973+0000] {warnings.py:109} WARNING - /home/airflow/.local/lib/python3.8/site-packages/snowflake/connector/options.py:103: UserWarning: You have an incompatible version of 'pyarrow' installed (11.0.0), please install a version that adheres to: 'pyarrow<10.1.0,>=10.0.1; extra == "pandas"'
  warn_incompatible_dep(
[2025-10-25T23:55:34.692+0000] {processor.py:839} INFO - DAG(s) dict_keys(['crypto_events_dag']) retrieved from /opt/airflow/dags/crypto_events_dag.py
[2025-10-25T23:55:34.730+0000] {logging_mixin.py:151} INFO - [2025-10-25T23:55:34.730+0000] {dag.py:2915} INFO - Sync 1 DAGs
[2025-10-25T23:55:34.783+0000] {processor.py:179} INFO - Processing /opt/airflow/dags/crypto_events_dag.py took 3.665 seconds
[2025-10-25T23:56:04.860+0000] {processor.py:157} INFO - Started process (PID=335) to work on /opt/airflow/dags/crypto_events_dag.py
[2025-10-25T23:56:04.862+0000] {processor.py:829} INFO - Processing file /opt/airflow/dags/crypto_events_dag.py for tasks to queue
[2025-10-25T23:56:04.864+0000] {logging_mixin.py:151} INFO - [2025-10-25T23:56:04.864+0000] {dagbag.py:539} INFO - Filling up the DagBag from /opt/airflow/dags/crypto_events_dag.py
[2025-10-25T23:56:06.562+0000] {logging_mixin.py:151} INFO - [2025-10-25T23:56:06.561+0000] {warnings.py:109} WARNING - /home/airflow/.local/lib/python3.8/site-packages/snowflake/connector/options.py:103: UserWarning: You have an incompatible version of 'pyarrow' installed (11.0.0), please install a version that adheres to: 'pyarrow<10.1.0,>=10.0.1; extra == "pandas"'
  warn_incompatible_dep(
[2025-10-25T23:56:08.018+0000] {processor.py:839} INFO - DAG(s) dict_keys(['crypto_events_dag']) retrieved from /opt/airflow/dags/crypto_events_dag.py
[2025-10-25T23:56:08.049+0000] {logging_mixin.py:151} INFO - [2025-10-25T23:56:08.049+0000] {dag.py:2915} INFO - Sync 1 DAGs
[2025-10-25T23:56:08.071+0000] {logging_mixin.py:151} INFO - [2025-10-25T23:56:08.071+0000] {dag.py:3696} INFO - Setting next_dagrun for crypto_events_dag to 2025-10-25T00:00:00+00:00, run_after=2025-10-26T00:00:00+00:00
[2025-10-25T23:56:08.090+0000] {processor.py:179} INFO - Processing /opt/airflow/dags/crypto_events_dag.py took 3.234 seconds
[2025-10-25T23:56:38.328+0000] {processor.py:157} INFO - Started process (PID=361) to work on /opt/airflow/dags/crypto_events_dag.py
[2025-10-25T23:56:38.332+0000] {processor.py:829} INFO - Processing file /opt/airflow/dags/crypto_events_dag.py for tasks to queue
[2025-10-25T23:56:38.333+0000] {logging_mixin.py:151} INFO - [2025-10-25T23:56:38.333+0000] {dagbag.py:539} INFO - Filling up the DagBag from /opt/airflow/dags/crypto_events_dag.py
[2025-10-25T23:56:40.046+0000] {logging_mixin.py:151} INFO - [2025-10-25T23:56:40.045+0000] {warnings.py:109} WARNING - /home/airflow/.local/lib/python3.8/site-packages/snowflake/connector/options.py:103: UserWarning: You have an incompatible version of 'pyarrow' installed (11.0.0), please install a version that adheres to: 'pyarrow<10.1.0,>=10.0.1; extra == "pandas"'
  warn_incompatible_dep(
[2025-10-25T23:56:41.704+0000] {processor.py:839} INFO - DAG(s) dict_keys(['crypto_events_dag']) retrieved from /opt/airflow/dags/crypto_events_dag.py
[2025-10-25T23:56:41.732+0000] {logging_mixin.py:151} INFO - [2025-10-25T23:56:41.732+0000] {dag.py:2915} INFO - Sync 1 DAGs
[2025-10-25T23:56:41.756+0000] {logging_mixin.py:151} INFO - [2025-10-25T23:56:41.755+0000] {dag.py:3696} INFO - Setting next_dagrun for crypto_events_dag to 2025-10-25T00:00:00+00:00, run_after=2025-10-26T00:00:00+00:00
[2025-10-25T23:56:41.779+0000] {processor.py:179} INFO - Processing /opt/airflow/dags/crypto_events_dag.py took 3.453 seconds
[2025-10-25T23:57:12.017+0000] {processor.py:157} INFO - Started process (PID=387) to work on /opt/airflow/dags/crypto_events_dag.py
[2025-10-25T23:57:12.019+0000] {processor.py:829} INFO - Processing file /opt/airflow/dags/crypto_events_dag.py for tasks to queue
[2025-10-25T23:57:12.020+0000] {logging_mixin.py:151} INFO - [2025-10-25T23:57:12.020+0000] {dagbag.py:539} INFO - Filling up the DagBag from /opt/airflow/dags/crypto_events_dag.py
[2025-10-25T23:57:13.844+0000] {logging_mixin.py:151} INFO - [2025-10-25T23:57:13.843+0000] {warnings.py:109} WARNING - /home/airflow/.local/lib/python3.8/site-packages/snowflake/connector/options.py:103: UserWarning: You have an incompatible version of 'pyarrow' installed (11.0.0), please install a version that adheres to: 'pyarrow<10.1.0,>=10.0.1; extra == "pandas"'
  warn_incompatible_dep(
[2025-10-25T23:57:15.381+0000] {processor.py:839} INFO - DAG(s) dict_keys(['crypto_events_dag']) retrieved from /opt/airflow/dags/crypto_events_dag.py
[2025-10-25T23:57:15.418+0000] {logging_mixin.py:151} INFO - [2025-10-25T23:57:15.418+0000] {dag.py:2915} INFO - Sync 1 DAGs
[2025-10-25T23:57:15.444+0000] {logging_mixin.py:151} INFO - [2025-10-25T23:57:15.443+0000] {dag.py:3696} INFO - Setting next_dagrun for crypto_events_dag to 2025-10-25T00:00:00+00:00, run_after=2025-10-26T00:00:00+00:00
[2025-10-25T23:57:15.473+0000] {processor.py:179} INFO - Processing /opt/airflow/dags/crypto_events_dag.py took 3.460 seconds
[2025-10-25T23:57:19.573+0000] {processor.py:157} INFO - Started process (PID=413) to work on /opt/airflow/dags/crypto_events_dag.py
[2025-10-25T23:57:19.574+0000] {processor.py:829} INFO - Processing file /opt/airflow/dags/crypto_events_dag.py for tasks to queue
[2025-10-25T23:57:19.576+0000] {logging_mixin.py:151} INFO - [2025-10-25T23:57:19.576+0000] {dagbag.py:539} INFO - Filling up the DagBag from /opt/airflow/dags/crypto_events_dag.py
[2025-10-25T23:57:21.691+0000] {logging_mixin.py:151} INFO - [2025-10-25T23:57:21.690+0000] {warnings.py:109} WARNING - /home/airflow/.local/lib/python3.8/site-packages/snowflake/connector/options.py:103: UserWarning: You have an incompatible version of 'pyarrow' installed (11.0.0), please install a version that adheres to: 'pyarrow<10.1.0,>=10.0.1; extra == "pandas"'
  warn_incompatible_dep(
[2025-10-25T23:57:23.574+0000] {processor.py:839} INFO - DAG(s) dict_keys(['crypto_events_dag']) retrieved from /opt/airflow/dags/crypto_events_dag.py
[2025-10-25T23:57:23.768+0000] {logging_mixin.py:151} INFO - [2025-10-25T23:57:23.767+0000] {security.py:708} INFO - Not syncing DAG-level permissions for DAG 'DAG:crypto_events_dag' as access control is unset.
[2025-10-25T23:57:23.768+0000] {logging_mixin.py:151} INFO - [2025-10-25T23:57:23.768+0000] {dag.py:2915} INFO - Sync 1 DAGs
[2025-10-25T23:57:23.800+0000] {logging_mixin.py:151} INFO - [2025-10-25T23:57:23.800+0000] {dag.py:3696} INFO - Setting next_dagrun for crypto_events_dag to 2025-10-25T00:00:00+00:00, run_after=2025-10-26T00:00:00+00:00
[2025-10-25T23:57:23.836+0000] {processor.py:179} INFO - Processing /opt/airflow/dags/crypto_events_dag.py took 4.266 seconds
[2025-10-25T23:57:54.043+0000] {processor.py:157} INFO - Started process (PID=439) to work on /opt/airflow/dags/crypto_events_dag.py
[2025-10-25T23:57:54.045+0000] {processor.py:829} INFO - Processing file /opt/airflow/dags/crypto_events_dag.py for tasks to queue
[2025-10-25T23:57:54.048+0000] {logging_mixin.py:151} INFO - [2025-10-25T23:57:54.047+0000] {dagbag.py:539} INFO - Filling up the DagBag from /opt/airflow/dags/crypto_events_dag.py
[2025-10-25T23:57:54.095+0000] {logging_mixin.py:151} INFO - [2025-10-25T23:57:54.094+0000] {warnings.py:109} WARNING - /home/airflow/.local/lib/python3.8/site-packages/snowflake/connector/options.py:103: UserWarning: You have an incompatible version of 'pyarrow' installed (11.0.0), please install a version that adheres to: 'pyarrow<10.1.0,>=10.0.1; extra == "pandas"'
  warn_incompatible_dep(
[2025-10-25T23:57:56.027+0000] {processor.py:839} INFO - DAG(s) dict_keys(['crypto_events_dag']) retrieved from /opt/airflow/dags/crypto_events_dag.py
[2025-10-25T23:57:56.081+0000] {logging_mixin.py:151} INFO - [2025-10-25T23:57:56.081+0000] {dag.py:2915} INFO - Sync 1 DAGs
[2025-10-25T23:57:56.108+0000] {logging_mixin.py:151} INFO - [2025-10-25T23:57:56.108+0000] {dag.py:3696} INFO - Setting next_dagrun for crypto_events_dag to 2025-10-25T00:00:00+00:00, run_after=2025-10-26T00:00:00+00:00
[2025-10-25T23:57:56.142+0000] {processor.py:179} INFO - Processing /opt/airflow/dags/crypto_events_dag.py took 4.284 seconds
[2025-10-25T23:58:26.266+0000] {processor.py:157} INFO - Started process (PID=465) to work on /opt/airflow/dags/crypto_events_dag.py
[2025-10-25T23:58:26.271+0000] {processor.py:829} INFO - Processing file /opt/airflow/dags/crypto_events_dag.py for tasks to queue
[2025-10-25T23:58:26.274+0000] {logging_mixin.py:151} INFO - [2025-10-25T23:58:26.274+0000] {dagbag.py:539} INFO - Filling up the DagBag from /opt/airflow/dags/crypto_events_dag.py
[2025-10-25T23:58:28.407+0000] {logging_mixin.py:151} INFO - [2025-10-25T23:58:28.406+0000] {warnings.py:109} WARNING - /home/airflow/.local/lib/python3.8/site-packages/snowflake/connector/options.py:103: UserWarning: You have an incompatible version of 'pyarrow' installed (11.0.0), please install a version that adheres to: 'pyarrow<10.1.0,>=10.0.1; extra == "pandas"'
  warn_incompatible_dep(
[2025-10-25T23:58:29.902+0000] {processor.py:839} INFO - DAG(s) dict_keys(['crypto_events_dag']) retrieved from /opt/airflow/dags/crypto_events_dag.py
[2025-10-25T23:58:29.930+0000] {logging_mixin.py:151} INFO - [2025-10-25T23:58:29.930+0000] {dag.py:2915} INFO - Sync 1 DAGs
[2025-10-25T23:58:29.978+0000] {processor.py:179} INFO - Processing /opt/airflow/dags/crypto_events_dag.py took 3.717 seconds
[2025-10-25T23:59:00.227+0000] {processor.py:157} INFO - Started process (PID=491) to work on /opt/airflow/dags/crypto_events_dag.py
[2025-10-25T23:59:00.232+0000] {processor.py:829} INFO - Processing file /opt/airflow/dags/crypto_events_dag.py for tasks to queue
[2025-10-25T23:59:00.234+0000] {logging_mixin.py:151} INFO - [2025-10-25T23:59:00.233+0000] {dagbag.py:539} INFO - Filling up the DagBag from /opt/airflow/dags/crypto_events_dag.py
[2025-10-25T23:59:02.298+0000] {logging_mixin.py:151} INFO - [2025-10-25T23:59:02.298+0000] {warnings.py:109} WARNING - /home/airflow/.local/lib/python3.8/site-packages/snowflake/connector/options.py:103: UserWarning: You have an incompatible version of 'pyarrow' installed (11.0.0), please install a version that adheres to: 'pyarrow<10.1.0,>=10.0.1; extra == "pandas"'
  warn_incompatible_dep(
[2025-10-25T23:59:03.856+0000] {processor.py:839} INFO - DAG(s) dict_keys(['crypto_events_dag']) retrieved from /opt/airflow/dags/crypto_events_dag.py
[2025-10-25T23:59:03.886+0000] {logging_mixin.py:151} INFO - [2025-10-25T23:59:03.885+0000] {dag.py:2915} INFO - Sync 1 DAGs
[2025-10-25T23:59:03.906+0000] {logging_mixin.py:151} INFO - [2025-10-25T23:59:03.906+0000] {dag.py:3696} INFO - Setting next_dagrun for crypto_events_dag to 2025-10-25T00:00:00+00:00, run_after=2025-10-26T00:00:00+00:00
[2025-10-25T23:59:03.924+0000] {processor.py:179} INFO - Processing /opt/airflow/dags/crypto_events_dag.py took 3.700 seconds
[2025-10-25T23:59:34.352+0000] {processor.py:157} INFO - Started process (PID=517) to work on /opt/airflow/dags/crypto_events_dag.py
[2025-10-25T23:59:34.353+0000] {processor.py:829} INFO - Processing file /opt/airflow/dags/crypto_events_dag.py for tasks to queue
[2025-10-25T23:59:34.355+0000] {logging_mixin.py:151} INFO - [2025-10-25T23:59:34.355+0000] {dagbag.py:539} INFO - Filling up the DagBag from /opt/airflow/dags/crypto_events_dag.py
[2025-10-25T23:59:35.985+0000] {logging_mixin.py:151} INFO - [2025-10-25T23:59:35.984+0000] {warnings.py:109} WARNING - /home/airflow/.local/lib/python3.8/site-packages/snowflake/connector/options.py:103: UserWarning: You have an incompatible version of 'pyarrow' installed (11.0.0), please install a version that adheres to: 'pyarrow<10.1.0,>=10.0.1; extra == "pandas"'
  warn_incompatible_dep(
[2025-10-25T23:59:37.559+0000] {processor.py:839} INFO - DAG(s) dict_keys(['crypto_events_dag']) retrieved from /opt/airflow/dags/crypto_events_dag.py
[2025-10-25T23:59:37.590+0000] {logging_mixin.py:151} INFO - [2025-10-25T23:59:37.590+0000] {dag.py:2915} INFO - Sync 1 DAGs
[2025-10-25T23:59:37.613+0000] {logging_mixin.py:151} INFO - [2025-10-25T23:59:37.612+0000] {dag.py:3696} INFO - Setting next_dagrun for crypto_events_dag to 2025-10-25T00:00:00+00:00, run_after=2025-10-26T00:00:00+00:00
[2025-10-25T23:59:37.632+0000] {processor.py:179} INFO - Processing /opt/airflow/dags/crypto_events_dag.py took 3.285 seconds
