[2025-10-25T23:39:01.754+0000] {taskinstance.py:1157} INFO - Dependencies all met for dep_context=non-requeueable deps ti=<TaskInstance: crypto_events_dag.merge_to_prod scheduled__2025-10-24T00:00:00+00:00 [queued]>
[2025-10-25T23:39:01.763+0000] {taskinstance.py:1157} INFO - Dependencies all met for dep_context=requeueable deps ti=<TaskInstance: crypto_events_dag.merge_to_prod scheduled__2025-10-24T00:00:00+00:00 [queued]>
[2025-10-25T23:39:01.763+0000] {taskinstance.py:1359} INFO - Starting attempt 1 of 1
[2025-10-25T23:39:01.794+0000] {taskinstance.py:1380} INFO - Executing <Task(PythonOperator): merge_to_prod> on 2025-10-24 00:00:00+00:00
[2025-10-25T23:39:01.807+0000] {standard_task_runner.py:57} INFO - Started process 206 to run task
[2025-10-25T23:39:01.810+0000] {standard_task_runner.py:84} INFO - Running: ['***', 'tasks', 'run', 'crypto_events_dag', 'merge_to_prod', 'scheduled__2025-10-24T00:00:00+00:00', '--job-id', '6', '--raw', '--subdir', 'DAGS_FOLDER/crypto_events_dag.py', '--cfg-path', '/tmp/tmpyzh23c30']
[2025-10-25T23:39:01.811+0000] {standard_task_runner.py:85} INFO - Job 6: Subtask merge_to_prod
[2025-10-25T23:39:01.870+0000] {task_command.py:415} INFO - Running <TaskInstance: crypto_events_dag.merge_to_prod scheduled__2025-10-24T00:00:00+00:00 [running]> on host cf787a166d43
[2025-10-25T23:39:01.975+0000] {taskinstance.py:1660} INFO - Exporting env vars: AIRFLOW_CTX_DAG_OWNER='data-eng' AIRFLOW_CTX_DAG_ID='crypto_events_dag' AIRFLOW_CTX_TASK_ID='merge_to_prod' AIRFLOW_CTX_EXECUTION_DATE='2025-10-24T00:00:00+00:00' AIRFLOW_CTX_TRY_NUMBER='1' AIRFLOW_CTX_DAG_RUN_ID='scheduled__2025-10-24T00:00:00+00:00'
[2025-10-25T23:39:01.992+0000] {base.py:73} INFO - Using connection ID 'crypto_postgres' for task execution.
[2025-10-25T23:39:02.004+0000] {sql.py:418} INFO - Running statement: 
        BEGIN;
        WITH windowed AS (
            SELECT *
            FROM staging.bt_crypto_events_candidate
            WHERE purchase_date BETWEEN CURRENT_DATE - INTERVAL '4 day' AND CURRENT_DATE
        )
        INSERT INTO prod.bt_crypto_events (
            site_id,
            user_id,
            purchase_date,
            crypto_type,
            purchase_price,
            purchase_units,
            purchase_value,
            is_active,
            created_at,
            updated_at
        )
        SELECT site_id,
               user_id,
               purchase_date,
               crypto_type,
               purchase_price,
               purchase_units,
               purchase_value,
               true,
               now(),
               now()
        FROM windowed
        ON CONFLICT (site_id, user_id, purchase_date, crypto_type)
        DO UPDATE SET
            purchase_price = EXCLUDED.purchase_price,
            purchase_units = EXCLUDED.purchase_units,
            purchase_value = EXCLUDED.purchase_value,
            is_active = true,
            updated_at = now();

        UPDATE prod.bt_crypto_events p
        SET is_active = false,
            updated_at = now()
        WHERE purchase_date BETWEEN CURRENT_DATE - INTERVAL '4 day' AND CURRENT_DATE
          AND NOT EXISTS (
              SELECT 1
              FROM staging.bt_crypto_events_candidate s
              WHERE s.site_id = p.site_id
                AND s.user_id = p.user_id
                AND s.purchase_date = p.purchase_date
                AND s.crypto_type = p.crypto_type
          );
        COMMIT;
        , parameters: None
[2025-10-25T23:39:02.010+0000] {python.py:194} INFO - Done. Returned value was: None
[2025-10-25T23:39:02.023+0000] {taskinstance.py:1398} INFO - Marking task as SUCCESS. dag_id=crypto_events_dag, task_id=merge_to_prod, execution_date=20251024T000000, start_date=20251025T233901, end_date=20251025T233902
[2025-10-25T23:39:02.075+0000] {local_task_job_runner.py:228} INFO - Task exited with return code 0
[2025-10-25T23:39:02.110+0000] {taskinstance.py:2776} INFO - 1 downstream tasks scheduled from follow-on schedule check
