[2025-10-25T23:46:25.127+0000] {processor.py:157} INFO - Started process (PID=49) to work on /opt/airflow/dags/crypto_events_dag.py
[2025-10-25T23:46:25.127+0000] {processor.py:829} INFO - Processing file /opt/airflow/dags/crypto_events_dag.py for tasks to queue
[2025-10-25T23:46:25.130+0000] {logging_mixin.py:151} INFO - [2025-10-25T23:46:25.130+0000] {dagbag.py:539} INFO - Filling up the DagBag from /opt/airflow/dags/crypto_events_dag.py
[2025-10-25T23:46:29.757+0000] {logging_mixin.py:151} INFO - [2025-10-25T23:46:29.756+0000] {warnings.py:109} WARNING - /home/airflow/.local/lib/python3.8/site-packages/snowflake/connector/options.py:103: UserWarning: You have an incompatible version of 'pyarrow' installed (11.0.0), please install a version that adheres to: 'pyarrow<10.1.0,>=10.0.1; extra == "pandas"'
  warn_incompatible_dep(
[2025-10-25T23:46:32.235+0000] {logging_mixin.py:151} INFO - [2025-10-25T23:46:32.234+0000] {warnings.py:109} WARNING - /opt/airflow/dags/crypto_events_dag.py:338: RemovedInAirflow3Warning: Param `schedule_interval` is deprecated and will be removed in a future release. Please use `schedule` instead. 
  with DAG(
[2025-10-25T23:46:32.368+0000] {processor.py:839} INFO - DAG(s) dict_keys(['crypto_events_dag']) retrieved from /opt/airflow/dags/crypto_events_dag.py
[2025-10-25T23:46:32.398+0000] {logging_mixin.py:151} INFO - [2025-10-25T23:46:32.398+0000] {dag.py:2915} INFO - Sync 1 DAGs
[2025-10-25T23:46:32.427+0000] {logging_mixin.py:151} INFO - [2025-10-25T23:46:32.427+0000] {dag.py:3696} INFO - Setting next_dagrun for crypto_events_dag to 2025-10-25T00:00:00+00:00, run_after=2025-10-26T00:00:00+00:00
[2025-10-25T23:46:32.468+0000] {processor.py:179} INFO - Processing /opt/airflow/dags/crypto_events_dag.py took 7.344 seconds
[2025-10-25T23:47:02.606+0000] {processor.py:157} INFO - Started process (PID=75) to work on /opt/airflow/dags/crypto_events_dag.py
[2025-10-25T23:47:02.610+0000] {processor.py:829} INFO - Processing file /opt/airflow/dags/crypto_events_dag.py for tasks to queue
[2025-10-25T23:47:02.613+0000] {logging_mixin.py:151} INFO - [2025-10-25T23:47:02.613+0000] {dagbag.py:539} INFO - Filling up the DagBag from /opt/airflow/dags/crypto_events_dag.py
[2025-10-25T23:47:04.405+0000] {logging_mixin.py:151} INFO - [2025-10-25T23:47:04.404+0000] {warnings.py:109} WARNING - /home/airflow/.local/lib/python3.8/site-packages/snowflake/connector/options.py:103: UserWarning: You have an incompatible version of 'pyarrow' installed (11.0.0), please install a version that adheres to: 'pyarrow<10.1.0,>=10.0.1; extra == "pandas"'
  warn_incompatible_dep(
[2025-10-25T23:47:06.379+0000] {logging_mixin.py:151} INFO - [2025-10-25T23:47:06.379+0000] {warnings.py:109} WARNING - /opt/airflow/dags/crypto_events_dag.py:338: RemovedInAirflow3Warning: Param `schedule_interval` is deprecated and will be removed in a future release. Please use `schedule` instead. 
  with DAG(
[2025-10-25T23:47:06.394+0000] {processor.py:839} INFO - DAG(s) dict_keys(['crypto_events_dag']) retrieved from /opt/airflow/dags/crypto_events_dag.py
[2025-10-25T23:47:06.462+0000] {logging_mixin.py:151} INFO - [2025-10-25T23:47:06.462+0000] {dag.py:2915} INFO - Sync 1 DAGs
[2025-10-25T23:47:06.533+0000] {processor.py:179} INFO - Processing /opt/airflow/dags/crypto_events_dag.py took 3.930 seconds
[2025-10-25T23:47:46.709+0000] {processor.py:157} INFO - Started process (PID=49) to work on /opt/airflow/dags/crypto_events_dag.py
[2025-10-25T23:47:46.711+0000] {processor.py:829} INFO - Processing file /opt/airflow/dags/crypto_events_dag.py for tasks to queue
[2025-10-25T23:47:46.714+0000] {logging_mixin.py:151} INFO - [2025-10-25T23:47:46.713+0000] {dagbag.py:539} INFO - Filling up the DagBag from /opt/airflow/dags/crypto_events_dag.py
[2025-10-25T23:47:50.899+0000] {logging_mixin.py:151} INFO - [2025-10-25T23:47:50.899+0000] {warnings.py:109} WARNING - /home/airflow/.local/lib/python3.8/site-packages/snowflake/connector/options.py:103: UserWarning: You have an incompatible version of 'pyarrow' installed (11.0.0), please install a version that adheres to: 'pyarrow<10.1.0,>=10.0.1; extra == "pandas"'
  warn_incompatible_dep(
[2025-10-25T23:47:53.271+0000] {logging_mixin.py:151} INFO - [2025-10-25T23:47:53.271+0000] {warnings.py:109} WARNING - /opt/airflow/dags/crypto_events_dag.py:338: RemovedInAirflow3Warning: Param `schedule_interval` is deprecated and will be removed in a future release. Please use `schedule` instead. 
  with DAG(
[2025-10-25T23:47:53.287+0000] {processor.py:839} INFO - DAG(s) dict_keys(['crypto_events_dag']) retrieved from /opt/airflow/dags/crypto_events_dag.py
[2025-10-25T23:47:53.304+0000] {logging_mixin.py:151} INFO - [2025-10-25T23:47:53.304+0000] {dag.py:2915} INFO - Sync 1 DAGs
[2025-10-25T23:47:53.329+0000] {logging_mixin.py:151} INFO - [2025-10-25T23:47:53.328+0000] {dag.py:3696} INFO - Setting next_dagrun for crypto_events_dag to 2025-10-25T00:00:00+00:00, run_after=2025-10-26T00:00:00+00:00
[2025-10-25T23:47:53.359+0000] {processor.py:179} INFO - Processing /opt/airflow/dags/crypto_events_dag.py took 6.653 seconds
[2025-10-25T23:48:24.216+0000] {processor.py:157} INFO - Started process (PID=75) to work on /opt/airflow/dags/crypto_events_dag.py
[2025-10-25T23:48:24.218+0000] {processor.py:829} INFO - Processing file /opt/airflow/dags/crypto_events_dag.py for tasks to queue
[2025-10-25T23:48:24.221+0000] {logging_mixin.py:151} INFO - [2025-10-25T23:48:24.221+0000] {dagbag.py:539} INFO - Filling up the DagBag from /opt/airflow/dags/crypto_events_dag.py
[2025-10-25T23:48:26.702+0000] {logging_mixin.py:151} INFO - [2025-10-25T23:48:26.701+0000] {warnings.py:109} WARNING - /home/airflow/.local/lib/python3.8/site-packages/snowflake/connector/options.py:103: UserWarning: You have an incompatible version of 'pyarrow' installed (11.0.0), please install a version that adheres to: 'pyarrow<10.1.0,>=10.0.1; extra == "pandas"'
  warn_incompatible_dep(
[2025-10-25T23:48:28.621+0000] {logging_mixin.py:151} INFO - [2025-10-25T23:48:28.621+0000] {warnings.py:109} WARNING - /opt/airflow/dags/crypto_events_dag.py:338: RemovedInAirflow3Warning: Param `schedule_interval` is deprecated and will be removed in a future release. Please use `schedule` instead. 
  with DAG(
[2025-10-25T23:48:28.630+0000] {processor.py:839} INFO - DAG(s) dict_keys(['crypto_events_dag']) retrieved from /opt/airflow/dags/crypto_events_dag.py
[2025-10-25T23:48:28.662+0000] {logging_mixin.py:151} INFO - [2025-10-25T23:48:28.662+0000] {dag.py:2915} INFO - Sync 1 DAGs
[2025-10-25T23:48:28.710+0000] {processor.py:179} INFO - Processing /opt/airflow/dags/crypto_events_dag.py took 4.497 seconds
[2025-10-25T23:48:58.760+0000] {processor.py:157} INFO - Started process (PID=101) to work on /opt/airflow/dags/crypto_events_dag.py
[2025-10-25T23:48:58.762+0000] {processor.py:829} INFO - Processing file /opt/airflow/dags/crypto_events_dag.py for tasks to queue
[2025-10-25T23:48:58.764+0000] {logging_mixin.py:151} INFO - [2025-10-25T23:48:58.764+0000] {dagbag.py:539} INFO - Filling up the DagBag from /opt/airflow/dags/crypto_events_dag.py
[2025-10-25T23:49:00.374+0000] {logging_mixin.py:151} INFO - [2025-10-25T23:49:00.373+0000] {warnings.py:109} WARNING - /home/airflow/.local/lib/python3.8/site-packages/snowflake/connector/options.py:103: UserWarning: You have an incompatible version of 'pyarrow' installed (11.0.0), please install a version that adheres to: 'pyarrow<10.1.0,>=10.0.1; extra == "pandas"'
  warn_incompatible_dep(
[2025-10-25T23:49:01.775+0000] {logging_mixin.py:151} INFO - [2025-10-25T23:49:01.775+0000] {warnings.py:109} WARNING - /opt/airflow/dags/crypto_events_dag.py:338: RemovedInAirflow3Warning: Param `schedule_interval` is deprecated and will be removed in a future release. Please use `schedule` instead. 
  with DAG(
[2025-10-25T23:49:01.783+0000] {processor.py:839} INFO - DAG(s) dict_keys(['crypto_events_dag']) retrieved from /opt/airflow/dags/crypto_events_dag.py
[2025-10-25T23:49:01.817+0000] {logging_mixin.py:151} INFO - [2025-10-25T23:49:01.817+0000] {dag.py:2915} INFO - Sync 1 DAGs
[2025-10-25T23:49:01.844+0000] {logging_mixin.py:151} INFO - [2025-10-25T23:49:01.843+0000] {dag.py:3696} INFO - Setting next_dagrun for crypto_events_dag to 2025-10-25T00:00:00+00:00, run_after=2025-10-26T00:00:00+00:00
[2025-10-25T23:49:01.872+0000] {processor.py:179} INFO - Processing /opt/airflow/dags/crypto_events_dag.py took 3.115 seconds
[2025-10-25T23:49:32.333+0000] {processor.py:157} INFO - Started process (PID=127) to work on /opt/airflow/dags/crypto_events_dag.py
[2025-10-25T23:49:32.335+0000] {processor.py:829} INFO - Processing file /opt/airflow/dags/crypto_events_dag.py for tasks to queue
[2025-10-25T23:49:32.338+0000] {logging_mixin.py:151} INFO - [2025-10-25T23:49:32.337+0000] {dagbag.py:539} INFO - Filling up the DagBag from /opt/airflow/dags/crypto_events_dag.py
[2025-10-25T23:49:32.897+0000] {logging_mixin.py:151} INFO - [2025-10-25T23:49:32.896+0000] {warnings.py:109} WARNING - /home/airflow/.local/lib/python3.8/site-packages/snowflake/connector/options.py:103: UserWarning: You have an incompatible version of 'pyarrow' installed (11.0.0), please install a version that adheres to: 'pyarrow<10.1.0,>=10.0.1; extra == "pandas"'
  warn_incompatible_dep(
[2025-10-25T23:49:35.031+0000] {logging_mixin.py:151} INFO - [2025-10-25T23:49:35.030+0000] {warnings.py:109} WARNING - /opt/airflow/dags/crypto_events_dag.py:338: RemovedInAirflow3Warning: Param `schedule_interval` is deprecated and will be removed in a future release. Please use `schedule` instead. 
  with DAG(
[2025-10-25T23:49:35.045+0000] {processor.py:839} INFO - DAG(s) dict_keys(['crypto_events_dag']) retrieved from /opt/airflow/dags/crypto_events_dag.py
[2025-10-25T23:49:35.098+0000] {logging_mixin.py:151} INFO - [2025-10-25T23:49:35.098+0000] {dag.py:2915} INFO - Sync 1 DAGs
[2025-10-25T23:49:35.146+0000] {logging_mixin.py:151} INFO - [2025-10-25T23:49:35.145+0000] {dag.py:3696} INFO - Setting next_dagrun for crypto_events_dag to 2025-10-25T00:00:00+00:00, run_after=2025-10-26T00:00:00+00:00
[2025-10-25T23:49:35.193+0000] {processor.py:179} INFO - Processing /opt/airflow/dags/crypto_events_dag.py took 4.948 seconds
[2025-10-25T23:50:06.014+0000] {processor.py:157} INFO - Started process (PID=153) to work on /opt/airflow/dags/crypto_events_dag.py
[2025-10-25T23:50:06.018+0000] {processor.py:829} INFO - Processing file /opt/airflow/dags/crypto_events_dag.py for tasks to queue
[2025-10-25T23:50:06.020+0000] {logging_mixin.py:151} INFO - [2025-10-25T23:50:06.020+0000] {dagbag.py:539} INFO - Filling up the DagBag from /opt/airflow/dags/crypto_events_dag.py
[2025-10-25T23:50:07.689+0000] {logging_mixin.py:151} INFO - [2025-10-25T23:50:07.687+0000] {warnings.py:109} WARNING - /home/airflow/.local/lib/python3.8/site-packages/snowflake/connector/options.py:103: UserWarning: You have an incompatible version of 'pyarrow' installed (11.0.0), please install a version that adheres to: 'pyarrow<10.1.0,>=10.0.1; extra == "pandas"'
  warn_incompatible_dep(
[2025-10-25T23:50:09.194+0000] {logging_mixin.py:151} INFO - [2025-10-25T23:50:09.194+0000] {warnings.py:109} WARNING - /opt/airflow/dags/crypto_events_dag.py:338: RemovedInAirflow3Warning: Param `schedule_interval` is deprecated and will be removed in a future release. Please use `schedule` instead. 
  with DAG(
[2025-10-25T23:50:09.204+0000] {processor.py:839} INFO - DAG(s) dict_keys(['crypto_events_dag']) retrieved from /opt/airflow/dags/crypto_events_dag.py
[2025-10-25T23:50:09.234+0000] {logging_mixin.py:151} INFO - [2025-10-25T23:50:09.233+0000] {dag.py:2915} INFO - Sync 1 DAGs
[2025-10-25T23:50:09.261+0000] {logging_mixin.py:151} INFO - [2025-10-25T23:50:09.261+0000] {dag.py:3696} INFO - Setting next_dagrun for crypto_events_dag to 2025-10-25T00:00:00+00:00, run_after=2025-10-26T00:00:00+00:00
[2025-10-25T23:50:09.286+0000] {processor.py:179} INFO - Processing /opt/airflow/dags/crypto_events_dag.py took 3.276 seconds
