[2025-10-25T23:03:53.473+0000] {manager.py:487} INFO - Processing files using up to 2 processes at a time 
[2025-10-25T23:03:53.474+0000] {manager.py:488} INFO - Process each file at most once every 30 seconds
[2025-10-25T23:03:53.474+0000] {manager.py:489} INFO - Checking for new files in /opt/airflow/dags every 300 seconds
[2025-10-25T23:03:53.474+0000] {manager.py:759} INFO - Searching for files in /opt/airflow/dags
[2025-10-25T23:03:53.476+0000] {manager.py:762} INFO - There are 1 files in /opt/airflow/dags
[2025-10-25T23:03:53.655+0000] {manager.py:893} INFO - 
================================================================================
DAG File Processing Stats

File Path                                 PID  Runtime      # DAGs    # Errors  Last Runtime    Last Run
--------------------------------------  -----  ---------  --------  ----------  --------------  ----------
/opt/airflow/dags/crypto_events_dag.py     49  0.03s             0           0
================================================================================
[2025-10-25T23:04:19.985+0000] {manager.py:893} INFO - 
================================================================================
DAG File Processing Stats

File Path                               PID    Runtime      # DAGs    # Errors  Last Runtime    Last Run
--------------------------------------  -----  ---------  --------  ----------  --------------  -------------------
/opt/airflow/dags/crypto_events_dag.py                           1           0  5.53s           2025-10-25T23:03:59
================================================================================
[2025-10-25T23:04:48.476+0000] {manager.py:893} INFO - 
================================================================================
DAG File Processing Stats

File Path                               PID    Runtime      # DAGs    # Errors  Last Runtime    Last Run
--------------------------------------  -----  ---------  --------  ----------  --------------  -------------------
/opt/airflow/dags/crypto_events_dag.py                           1           0  6.96s           2025-10-25T23:04:36
================================================================================
[2025-10-25T23:05:16.975+0000] {manager.py:893} INFO - 
================================================================================
DAG File Processing Stats

File Path                               PID    Runtime      # DAGs    # Errors  Last Runtime    Last Run
--------------------------------------  -----  ---------  --------  ----------  --------------  -------------------
/opt/airflow/dags/crypto_events_dag.py                           1           0  7.13s           2025-10-25T23:05:13
================================================================================
[2025-10-25T23:05:45.556+0000] {manager.py:893} INFO - 
================================================================================
DAG File Processing Stats

File Path                                 PID  Runtime      # DAGs    # Errors  Last Runtime    Last Run
--------------------------------------  -----  ---------  --------  ----------  --------------  -------------------
/opt/airflow/dags/crypto_events_dag.py    127  1.05s             1           0  7.13s           2025-10-25T23:05:13
================================================================================
[2025-10-25T23:06:07.365+0000] {manager.py:469} INFO - Exiting gracefully upon receiving signal 15
[2025-10-25T23:06:28.749+0000] {manager.py:487} INFO - Processing files using up to 2 processes at a time 
[2025-10-25T23:06:28.751+0000] {manager.py:488} INFO - Process each file at most once every 30 seconds
[2025-10-25T23:06:28.751+0000] {manager.py:489} INFO - Checking for new files in /opt/airflow/dags every 300 seconds
[2025-10-25T23:06:28.752+0000] {manager.py:759} INFO - Searching for files in /opt/airflow/dags
[2025-10-25T23:06:28.754+0000] {manager.py:762} INFO - There are 1 files in /opt/airflow/dags
[2025-10-25T23:06:28.881+0000] {manager.py:893} INFO - 
================================================================================
DAG File Processing Stats

File Path                                 PID  Runtime      # DAGs    # Errors  Last Runtime    Last Run
--------------------------------------  -----  ---------  --------  ----------  --------------  ----------
/opt/airflow/dags/crypto_events_dag.py     50  0.03s             0           0
================================================================================
[2025-10-25T23:06:57.436+0000] {manager.py:893} INFO - 
================================================================================
DAG File Processing Stats

File Path                               PID    Runtime      # DAGs    # Errors  Last Runtime    Last Run
--------------------------------------  -----  ---------  --------  ----------  --------------  -------------------
/opt/airflow/dags/crypto_events_dag.py                           1           0  7.87s           2025-10-25T23:06:36
================================================================================
[2025-10-25T23:07:26.134+0000] {manager.py:893} INFO - 
================================================================================
DAG File Processing Stats

File Path                               PID    Runtime      # DAGs    # Errors  Last Runtime    Last Run
--------------------------------------  -----  ---------  --------  ----------  --------------  -------------------
/opt/airflow/dags/crypto_events_dag.py                           1           0  5.16s           2025-10-25T23:07:12
================================================================================
[2025-10-25T23:07:54.943+0000] {manager.py:893} INFO - 
================================================================================
DAG File Processing Stats

File Path                               PID    Runtime      # DAGs    # Errors  Last Runtime    Last Run
--------------------------------------  -----  ---------  --------  ----------  --------------  -------------------
/opt/airflow/dags/crypto_events_dag.py                           1           0  7.44s           2025-10-25T23:07:50
================================================================================
[2025-10-25T23:08:23.449+0000] {manager.py:893} INFO - 
================================================================================
DAG File Processing Stats

File Path                                 PID  Runtime      # DAGs    # Errors  Last Runtime    Last Run
--------------------------------------  -----  ---------  --------  ----------  --------------  -------------------
/opt/airflow/dags/crypto_events_dag.py    128  2.16s             1           0  7.44s           2025-10-25T23:07:50
================================================================================
[2025-10-25T23:08:51.919+0000] {manager.py:893} INFO - 
================================================================================
DAG File Processing Stats

File Path                               PID    Runtime      # DAGs    # Errors  Last Runtime    Last Run
--------------------------------------  -----  ---------  --------  ----------  --------------  -------------------
/opt/airflow/dags/crypto_events_dag.py                           1           0  7.07s           2025-10-25T23:08:28
================================================================================
[2025-10-25T23:09:20.267+0000] {manager.py:893} INFO - 
================================================================================
DAG File Processing Stats

File Path                               PID    Runtime      # DAGs    # Errors  Last Runtime    Last Run
--------------------------------------  -----  ---------  --------  ----------  --------------  -------------------
/opt/airflow/dags/crypto_events_dag.py                           1           0  1.59s           2025-10-25T23:09:00
================================================================================
[2025-10-25T23:09:48.420+0000] {manager.py:893} INFO - 
================================================================================
DAG File Processing Stats

File Path                               PID    Runtime      # DAGs    # Errors  Last Runtime    Last Run
--------------------------------------  -----  ---------  --------  ----------  --------------  -------------------
/opt/airflow/dags/crypto_events_dag.py                           1           0  3.31s           2025-10-25T23:09:34
================================================================================
[2025-10-25T23:10:15.884+0000] {manager.py:893} INFO - 
================================================================================
DAG File Processing Stats

File Path                               PID    Runtime      # DAGs    # Errors  Last Runtime    Last Run
--------------------------------------  -----  ---------  --------  ----------  --------------  -------------------
/opt/airflow/dags/crypto_events_dag.py                           1           0  3.39s           2025-10-25T23:10:08
================================================================================
[2025-10-25T23:10:45.411+0000] {manager.py:893} INFO - 
================================================================================
DAG File Processing Stats

File Path                               PID    Runtime      # DAGs    # Errors  Last Runtime    Last Run
--------------------------------------  -----  ---------  --------  ----------  --------------  -------------------
/opt/airflow/dags/crypto_events_dag.py                           1           0  3.43s           2025-10-25T23:10:41
================================================================================
[2025-10-25T23:11:14.235+0000] {manager.py:893} INFO - 
================================================================================
DAG File Processing Stats

File Path                                 PID  Runtime      # DAGs    # Errors  Last Runtime    Last Run
--------------------------------------  -----  ---------  --------  ----------  --------------  -------------------
/opt/airflow/dags/crypto_events_dag.py    258  2.08s             1           0  3.43s           2025-10-25T23:10:41
================================================================================
[2025-10-25T23:11:29.566+0000] {manager.py:759} INFO - Searching for files in /opt/airflow/dags
[2025-10-25T23:11:29.576+0000] {manager.py:762} INFO - There are 1 files in /opt/airflow/dags
[2025-10-25T23:11:42.781+0000] {manager.py:893} INFO - 
================================================================================
DAG File Processing Stats

File Path                               PID    Runtime      # DAGs    # Errors  Last Runtime    Last Run
--------------------------------------  -----  ---------  --------  ----------  --------------  -------------------
/opt/airflow/dags/crypto_events_dag.py                           1           0  7.05s           2025-10-25T23:11:39
================================================================================
[2025-10-25T23:11:55.151+0000] {manager.py:469} INFO - Exiting gracefully upon receiving signal 15
[2025-10-25T23:12:17.471+0000] {manager.py:487} INFO - Processing files using up to 2 processes at a time 
[2025-10-25T23:12:17.473+0000] {manager.py:488} INFO - Process each file at most once every 30 seconds
[2025-10-25T23:12:17.473+0000] {manager.py:489} INFO - Checking for new files in /opt/airflow/dags every 300 seconds
[2025-10-25T23:12:17.473+0000] {manager.py:759} INFO - Searching for files in /opt/airflow/dags
[2025-10-25T23:12:17.475+0000] {manager.py:762} INFO - There are 1 files in /opt/airflow/dags
[2025-10-25T23:12:17.650+0000] {manager.py:893} INFO - 
================================================================================
DAG File Processing Stats

File Path                                 PID  Runtime      # DAGs    # Errors  Last Runtime    Last Run
--------------------------------------  -----  ---------  --------  ----------  --------------  ----------
/opt/airflow/dags/crypto_events_dag.py     49  0.05s             0           0
================================================================================
[2025-10-25T23:12:46.371+0000] {manager.py:893} INFO - 
================================================================================
DAG File Processing Stats

File Path                               PID    Runtime      # DAGs    # Errors  Last Runtime    Last Run
--------------------------------------  -----  ---------  --------  ----------  --------------  -------------------
/opt/airflow/dags/crypto_events_dag.py                           1           0  7.35s           2025-10-25T23:12:24
================================================================================
[2025-10-25T23:13:15.144+0000] {manager.py:893} INFO - 
================================================================================
DAG File Processing Stats

File Path                               PID    Runtime      # DAGs    # Errors  Last Runtime    Last Run
--------------------------------------  -----  ---------  --------  ----------  --------------  -------------------
/opt/airflow/dags/crypto_events_dag.py                           1           0  7.15s           2025-10-25T23:13:02
================================================================================
[2025-10-25T23:13:43.762+0000] {manager.py:893} INFO - 
================================================================================
DAG File Processing Stats

File Path                               PID    Runtime      # DAGs    # Errors  Last Runtime    Last Run
--------------------------------------  -----  ---------  --------  ----------  --------------  -------------------
/opt/airflow/dags/crypto_events_dag.py                           1           0  6.98s           2025-10-25T23:13:40
================================================================================
[2025-10-25T23:14:12.296+0000] {manager.py:893} INFO - 
================================================================================
DAG File Processing Stats

File Path                                 PID  Runtime      # DAGs    # Errors  Last Runtime    Last Run
--------------------------------------  -----  ---------  --------  ----------  --------------  -------------------
/opt/airflow/dags/crypto_events_dag.py    127  1.05s             1           0  6.98s           2025-10-25T23:13:40
================================================================================
[2025-10-25T23:14:41.056+0000] {manager.py:893} INFO - 
================================================================================
DAG File Processing Stats

File Path                               PID    Runtime      # DAGs    # Errors  Last Runtime    Last Run
--------------------------------------  -----  ---------  --------  ----------  --------------  -------------------
/opt/airflow/dags/crypto_events_dag.py                           1           0  7.40s           2025-10-25T23:14:18
================================================================================
[2025-10-25T23:15:09.564+0000] {manager.py:893} INFO - 
================================================================================
DAG File Processing Stats

File Path                               PID    Runtime      # DAGs    # Errors  Last Runtime    Last Run
--------------------------------------  -----  ---------  --------  ----------  --------------  -------------------
/opt/airflow/dags/crypto_events_dag.py                           1           0  7.13s           2025-10-25T23:14:56
================================================================================
[2025-10-25T23:15:38.236+0000] {manager.py:893} INFO - 
================================================================================
DAG File Processing Stats

File Path                               PID    Runtime      # DAGs    # Errors  Last Runtime    Last Run
--------------------------------------  -----  ---------  --------  ----------  --------------  -------------------
/opt/airflow/dags/crypto_events_dag.py                           1           0  5.27s           2025-10-25T23:15:32
================================================================================
[2025-10-25T23:16:08.132+0000] {manager.py:893} INFO - 
================================================================================
DAG File Processing Stats

File Path                                 PID  Runtime      # DAGs    # Errors  Last Runtime    Last Run
--------------------------------------  -----  ---------  --------  ----------  --------------  -------------------
/opt/airflow/dags/crypto_events_dag.py    205  5.14s             1           0  5.27s           2025-10-25T23:15:32
================================================================================
[2025-10-25T23:16:35.416+0000] {manager.py:893} INFO - 
================================================================================
DAG File Processing Stats

File Path                               PID    Runtime      # DAGs    # Errors  Last Runtime    Last Run
--------------------------------------  -----  ---------  --------  ----------  --------------  -------------------
/opt/airflow/dags/crypto_events_dag.py                           1           0  7.00s           2025-10-25T23:16:09
================================================================================
[2025-10-25T23:17:03.970+0000] {manager.py:893} INFO - 
================================================================================
DAG File Processing Stats

File Path                               PID    Runtime      # DAGs    # Errors  Last Runtime    Last Run
--------------------------------------  -----  ---------  --------  ----------  --------------  -------------------
/opt/airflow/dags/crypto_events_dag.py                           1           0  7.49s           2025-10-25T23:16:48
================================================================================
[2025-10-25T23:17:18.157+0000] {manager.py:759} INFO - Searching for files in /opt/airflow/dags
[2025-10-25T23:17:18.165+0000] {manager.py:762} INFO - There are 1 files in /opt/airflow/dags
[2025-10-25T23:17:32.687+0000] {manager.py:893} INFO - 
================================================================================
DAG File Processing Stats

File Path                               PID    Runtime      # DAGs    # Errors  Last Runtime    Last Run
--------------------------------------  -----  ---------  --------  ----------  --------------  -------------------
/opt/airflow/dags/crypto_events_dag.py                           1           0  6.61s           2025-10-25T23:17:24
================================================================================
[2025-10-25T23:18:00.652+0000] {manager.py:893} INFO - 
================================================================================
DAG File Processing Stats

File Path                                 PID  Runtime      # DAGs    # Errors  Last Runtime    Last Run
--------------------------------------  -----  ---------  --------  ----------  --------------  -------------------
/opt/airflow/dags/crypto_events_dag.py    283  5.16s             1           0  6.61s           2025-10-25T23:17:24
================================================================================
[2025-10-25T23:18:29.312+0000] {manager.py:893} INFO - 
================================================================================
DAG File Processing Stats

File Path                               PID    Runtime      # DAGs    # Errors  Last Runtime    Last Run
--------------------------------------  -----  ---------  --------  ----------  --------------  -------------------
/opt/airflow/dags/crypto_events_dag.py                           1           0  6.62s           2025-10-25T23:18:02
================================================================================
[2025-10-25T23:18:58.113+0000] {manager.py:893} INFO - 
================================================================================
DAG File Processing Stats

File Path                               PID    Runtime      # DAGs    # Errors  Last Runtime    Last Run
--------------------------------------  -----  ---------  --------  ----------  --------------  -------------------
/opt/airflow/dags/crypto_events_dag.py                           1           0  4.41s           2025-10-25T23:18:36
================================================================================
[2025-10-25T23:19:26.414+0000] {manager.py:893} INFO - 
================================================================================
DAG File Processing Stats

File Path                               PID    Runtime      # DAGs    # Errors  Last Runtime    Last Run
--------------------------------------  -----  ---------  --------  ----------  --------------  -------------------
/opt/airflow/dags/crypto_events_dag.py                           1           0  6.77s           2025-10-25T23:19:14
================================================================================
[2025-10-25T23:19:54.624+0000] {manager.py:893} INFO - 
================================================================================
DAG File Processing Stats

File Path                               PID    Runtime      # DAGs    # Errors  Last Runtime    Last Run
--------------------------------------  -----  ---------  --------  ----------  --------------  -------------------
/opt/airflow/dags/crypto_events_dag.py                           1           0  4.60s           2025-10-25T23:19:49
================================================================================
[2025-10-25T23:20:23.028+0000] {manager.py:893} INFO - 
================================================================================
DAG File Processing Stats

File Path                                 PID  Runtime      # DAGs    # Errors  Last Runtime    Last Run
--------------------------------------  -----  ---------  --------  ----------  --------------  -------------------
/opt/airflow/dags/crypto_events_dag.py    387  3.06s             1           0  4.60s           2025-10-25T23:19:49
================================================================================
[2025-10-25T23:20:23.206+0000] {manager.py:469} INFO - Exiting gracefully upon receiving signal 15
[2025-10-25T23:20:23.212+0000] {manager.py:469} INFO - Exiting gracefully upon receiving signal 15
[2025-10-25T23:20:38.602+0000] {manager.py:487} INFO - Processing files using up to 2 processes at a time 
[2025-10-25T23:20:38.603+0000] {manager.py:488} INFO - Process each file at most once every 30 seconds
[2025-10-25T23:20:38.604+0000] {manager.py:489} INFO - Checking for new files in /opt/airflow/dags every 300 seconds
[2025-10-25T23:20:38.605+0000] {manager.py:759} INFO - Searching for files in /opt/airflow/dags
[2025-10-25T23:20:38.606+0000] {manager.py:762} INFO - There are 1 files in /opt/airflow/dags
[2025-10-25T23:20:38.687+0000] {manager.py:893} INFO - 
================================================================================
DAG File Processing Stats

File Path                                 PID  Runtime      # DAGs    # Errors  Last Runtime    Last Run
--------------------------------------  -----  ---------  --------  ----------  --------------  ----------
/opt/airflow/dags/crypto_events_dag.py     49  0.02s             0           0
================================================================================
[2025-10-25T23:21:07.077+0000] {manager.py:893} INFO - 
================================================================================
DAG File Processing Stats

File Path                               PID    Runtime      # DAGs    # Errors  Last Runtime    Last Run
--------------------------------------  -----  ---------  --------  ----------  --------------  -------------------
/opt/airflow/dags/crypto_events_dag.py                           1           0  1.98s           2025-10-25T23:20:40
================================================================================
[2025-10-25T23:21:35.612+0000] {manager.py:893} INFO - 
================================================================================
DAG File Processing Stats

File Path                               PID    Runtime      # DAGs    # Errors  Last Runtime    Last Run
--------------------------------------  -----  ---------  --------  ----------  --------------  -------------------
/opt/airflow/dags/crypto_events_dag.py                           1           0  6.60s           2025-10-25T23:21:17
================================================================================
[2025-10-25T23:22:03.665+0000] {manager.py:893} INFO - 
================================================================================
DAG File Processing Stats

File Path                               PID    Runtime      # DAGs    # Errors  Last Runtime    Last Run
--------------------------------------  -----  ---------  --------  ----------  --------------  -------------------
/opt/airflow/dags/crypto_events_dag.py                           1           0  6.38s           2025-10-25T23:21:54
================================================================================
[2025-10-25T23:22:31.953+0000] {manager.py:893} INFO - 
================================================================================
DAG File Processing Stats

File Path                               PID    Runtime      # DAGs    # Errors  Last Runtime    Last Run
--------------------------------------  -----  ---------  --------  ----------  --------------  -------------------
/opt/airflow/dags/crypto_events_dag.py                           1           0  3.32s           2025-10-25T23:22:28
================================================================================
[2025-10-25T23:23:00.310+0000] {manager.py:893} INFO - 
================================================================================
DAG File Processing Stats

File Path                                 PID  Runtime      # DAGs    # Errors  Last Runtime    Last Run
--------------------------------------  -----  ---------  --------  ----------  --------------  -------------------
/opt/airflow/dags/crypto_events_dag.py    153  2.02s             1           0  3.32s           2025-10-25T23:22:28
================================================================================
[2025-10-25T23:23:28.503+0000] {manager.py:893} INFO - 
================================================================================
DAG File Processing Stats

File Path                               PID    Runtime      # DAGs    # Errors  Last Runtime    Last Run
--------------------------------------  -----  ---------  --------  ----------  --------------  -------------------
/opt/airflow/dags/crypto_events_dag.py                           1           0  2.88s           2025-10-25T23:23:01
================================================================================
[2025-10-25T23:23:56.637+0000] {manager.py:893} INFO - 
================================================================================
DAG File Processing Stats

File Path                               PID    Runtime      # DAGs    # Errors  Last Runtime    Last Run
--------------------------------------  -----  ---------  --------  ----------  --------------  -------------------
/opt/airflow/dags/crypto_events_dag.py                           1           0  3.31s           2025-10-25T23:23:34
================================================================================
[2025-10-25T23:24:23.931+0000] {manager.py:893} INFO - 
================================================================================
DAG File Processing Stats

File Path                               PID    Runtime      # DAGs    # Errors  Last Runtime    Last Run
--------------------------------------  -----  ---------  --------  ----------  --------------  -------------------
/opt/airflow/dags/crypto_events_dag.py                           1           0  3.42s           2025-10-25T23:24:08
================================================================================
[2025-10-25T23:24:53.386+0000] {manager.py:893} INFO - 
================================================================================
DAG File Processing Stats

File Path                               PID    Runtime      # DAGs    # Errors  Last Runtime    Last Run
--------------------------------------  -----  ---------  --------  ----------  --------------  -------------------
/opt/airflow/dags/crypto_events_dag.py                           1           0  3.44s           2025-10-25T23:24:42
================================================================================
[2025-10-25T23:25:25.564+0000] {manager.py:487} INFO - Processing files using up to 2 processes at a time 
[2025-10-25T23:25:25.565+0000] {manager.py:488} INFO - Process each file at most once every 30 seconds
[2025-10-25T23:25:25.565+0000] {manager.py:489} INFO - Checking for new files in /opt/airflow/dags every 300 seconds
[2025-10-25T23:25:25.566+0000] {manager.py:759} INFO - Searching for files in /opt/airflow/dags
[2025-10-25T23:25:25.567+0000] {manager.py:762} INFO - There are 1 files in /opt/airflow/dags
[2025-10-25T23:25:25.653+0000] {manager.py:893} INFO - 
================================================================================
DAG File Processing Stats

File Path                                 PID  Runtime      # DAGs    # Errors  Last Runtime    Last Run
--------------------------------------  -----  ---------  --------  ----------  --------------  ----------
/opt/airflow/dags/crypto_events_dag.py     50  0.02s             0           0
================================================================================
[2025-10-25T23:25:53.781+0000] {manager.py:893} INFO - 
================================================================================
DAG File Processing Stats

File Path                               PID    Runtime      # DAGs    # Errors  Last Runtime    Last Run
--------------------------------------  -----  ---------  --------  ----------  --------------  -------------------
/opt/airflow/dags/crypto_events_dag.py                           1           0  3.87s           2025-10-25T23:25:29
================================================================================
[2025-10-25T23:26:22.238+0000] {manager.py:893} INFO - 
================================================================================
DAG File Processing Stats

File Path                               PID    Runtime      # DAGs    # Errors  Last Runtime    Last Run
--------------------------------------  -----  ---------  --------  ----------  --------------  -------------------
/opt/airflow/dags/crypto_events_dag.py                           1           0  3.37s           2025-10-25T23:26:03
================================================================================
[2025-10-25T23:26:50.849+0000] {manager.py:893} INFO - 
================================================================================
DAG File Processing Stats

File Path                               PID    Runtime      # DAGs    # Errors  Last Runtime    Last Run
--------------------------------------  -----  ---------  --------  ----------  --------------  -------------------
/opt/airflow/dags/crypto_events_dag.py                           1           0  6.53s           2025-10-25T23:26:39
================================================================================
[2025-10-25T23:27:19.278+0000] {manager.py:893} INFO - 
================================================================================
DAG File Processing Stats

File Path                               PID    Runtime      # DAGs    # Errors  Last Runtime    Last Run
--------------------------------------  -----  ---------  --------  ----------  --------------  -------------------
/opt/airflow/dags/crypto_events_dag.py                           1           0  4.81s           2025-10-25T23:27:15
================================================================================
[2025-10-25T23:27:48.126+0000] {manager.py:893} INFO - 
================================================================================
DAG File Processing Stats

File Path                                 PID  Runtime      # DAGs    # Errors  Last Runtime    Last Run
--------------------------------------  -----  ---------  --------  ----------  --------------  -------------------
/opt/airflow/dags/crypto_events_dag.py    154  2.04s             1           0  4.81s           2025-10-25T23:27:15
================================================================================
[2025-10-25T23:28:17.024+0000] {manager.py:893} INFO - 
================================================================================
DAG File Processing Stats

File Path                               PID    Runtime      # DAGs    # Errors  Last Runtime    Last Run
--------------------------------------  -----  ---------  --------  ----------  --------------  -------------------
/opt/airflow/dags/crypto_events_dag.py                           1           0  7.27s           2025-10-25T23:27:53
================================================================================
[2025-10-25T23:28:45.611+0000] {manager.py:893} INFO - 
================================================================================
DAG File Processing Stats

File Path                               PID    Runtime      # DAGs    # Errors  Last Runtime    Last Run
--------------------------------------  -----  ---------  --------  ----------  --------------  -------------------
/opt/airflow/dags/crypto_events_dag.py                           1           0  6.10s           2025-10-25T23:28:30
================================================================================
[2025-10-25T23:29:14.384+0000] {manager.py:893} INFO - 
================================================================================
DAG File Processing Stats

File Path                               PID    Runtime      # DAGs    # Errors  Last Runtime    Last Run
--------------------------------------  -----  ---------  --------  ----------  --------------  -------------------
/opt/airflow/dags/crypto_events_dag.py                           1           0  5.01s           2025-10-25T23:29:05
================================================================================
[2025-10-25T23:29:42.646+0000] {manager.py:893} INFO - 
================================================================================
DAG File Processing Stats

File Path                                 PID  Runtime      # DAGs    # Errors  Last Runtime    Last Run
--------------------------------------  -----  ---------  --------  ----------  --------------  -------------------
/opt/airflow/dags/crypto_events_dag.py    232  6.23s             1           0  5.01s           2025-10-25T23:29:05
================================================================================
[2025-10-25T23:30:10.689+0000] {manager.py:893} INFO - 
================================================================================
DAG File Processing Stats

File Path                               PID    Runtime      # DAGs    # Errors  Last Runtime    Last Run
--------------------------------------  -----  ---------  --------  ----------  --------------  -------------------
/opt/airflow/dags/crypto_events_dag.py                           1           0  6.84s           2025-10-25T23:29:43
================================================================================
[2025-10-25T23:30:26.042+0000] {manager.py:759} INFO - Searching for files in /opt/airflow/dags
[2025-10-25T23:30:26.044+0000] {manager.py:762} INFO - There are 1 files in /opt/airflow/dags
[2025-10-25T23:30:39.403+0000] {manager.py:893} INFO - 
================================================================================
DAG File Processing Stats

File Path                               PID    Runtime      # DAGs    # Errors  Last Runtime    Last Run
--------------------------------------  -----  ---------  --------  ----------  --------------  -------------------
/opt/airflow/dags/crypto_events_dag.py                           1           0  7.25s           2025-10-25T23:30:21
================================================================================
[2025-10-25T23:31:07.829+0000] {manager.py:893} INFO - 
================================================================================
DAG File Processing Stats

File Path                               PID    Runtime      # DAGs    # Errors  Last Runtime    Last Run
--------------------------------------  -----  ---------  --------  ----------  --------------  -------------------
/opt/airflow/dags/crypto_events_dag.py                           1           0  4.86s           2025-10-25T23:30:56
================================================================================
[2025-10-25T23:31:35.796+0000] {manager.py:893} INFO - 
================================================================================
DAG File Processing Stats

File Path                               PID    Runtime      # DAGs    # Errors  Last Runtime    Last Run
--------------------------------------  -----  ---------  --------  ----------  --------------  -------------------
/opt/airflow/dags/crypto_events_dag.py                           1           0  7.29s           2025-10-25T23:31:34
================================================================================
[2025-10-25T23:32:03.754+0000] {manager.py:893} INFO - 
================================================================================
DAG File Processing Stats

File Path                               PID    Runtime      # DAGs    # Errors  Last Runtime    Last Run
--------------------------------------  -----  ---------  --------  ----------  --------------  -------------------
/opt/airflow/dags/crypto_events_dag.py                           1           0  7.29s           2025-10-25T23:31:34
================================================================================
[2025-10-25T23:32:31.683+0000] {manager.py:893} INFO - 
================================================================================
DAG File Processing Stats

File Path                               PID    Runtime      # DAGs    # Errors  Last Runtime    Last Run
--------------------------------------  -----  ---------  --------  ----------  --------------  -------------------
/opt/airflow/dags/crypto_events_dag.py                           1           0  4.65s           2025-10-25T23:32:10
================================================================================
[2025-10-25T23:32:46.997+0000] {manager.py:469} INFO - Exiting gracefully upon receiving signal 15
[2025-10-25T23:32:58.152+0000] {manager.py:487} INFO - Processing files using up to 2 processes at a time 
[2025-10-25T23:32:58.152+0000] {manager.py:488} INFO - Process each file at most once every 30 seconds
[2025-10-25T23:32:58.152+0000] {manager.py:489} INFO - Checking for new files in /opt/airflow/dags every 300 seconds
[2025-10-25T23:32:58.153+0000] {manager.py:759} INFO - Searching for files in /opt/airflow/dags
[2025-10-25T23:32:58.154+0000] {manager.py:762} INFO - There are 1 files in /opt/airflow/dags
[2025-10-25T23:32:58.247+0000] {manager.py:893} INFO - 
================================================================================
DAG File Processing Stats

File Path                                 PID  Runtime      # DAGs    # Errors  Last Runtime    Last Run
--------------------------------------  -----  ---------  --------  ----------  --------------  ----------
/opt/airflow/dags/crypto_events_dag.py     50  0.03s             0           0
================================================================================
[2025-10-25T23:33:26.501+0000] {manager.py:893} INFO - 
================================================================================
DAG File Processing Stats

File Path                               PID    Runtime      # DAGs    # Errors  Last Runtime    Last Run
--------------------------------------  -----  ---------  --------  ----------  --------------  -------------------
/opt/airflow/dags/crypto_events_dag.py                           1           0  4.03s           2025-10-25T23:33:02
================================================================================
[2025-10-25T23:33:54.871+0000] {manager.py:893} INFO - 
================================================================================
DAG File Processing Stats

File Path                               PID    Runtime      # DAGs    # Errors  Last Runtime    Last Run
--------------------------------------  -----  ---------  --------  ----------  --------------  -------------------
/opt/airflow/dags/crypto_events_dag.py                           1           0  3.24s           2025-10-25T23:33:35
================================================================================
[2025-10-25T23:34:22.958+0000] {manager.py:893} INFO - 
================================================================================
DAG File Processing Stats

File Path                               PID    Runtime      # DAGs    # Errors  Last Runtime    Last Run
--------------------------------------  -----  ---------  --------  ----------  --------------  -------------------
/opt/airflow/dags/crypto_events_dag.py                           1           0  3.91s           2025-10-25T23:34:09
================================================================================
[2025-10-25T23:34:51.370+0000] {manager.py:893} INFO - 
================================================================================
DAG File Processing Stats

File Path                               PID    Runtime      # DAGs    # Errors  Last Runtime    Last Run
--------------------------------------  -----  ---------  --------  ----------  --------------  -------------------
/opt/airflow/dags/crypto_events_dag.py                           1           0  1.27s           2025-10-25T23:34:41
================================================================================
[2025-10-25T23:35:19.404+0000] {manager.py:893} INFO - 
================================================================================
DAG File Processing Stats

File Path                               PID    Runtime      # DAGs    # Errors  Last Runtime    Last Run
--------------------------------------  -----  ---------  --------  ----------  --------------  -------------------
/opt/airflow/dags/crypto_events_dag.py                           1           0  3.60s           2025-10-25T23:35:15
================================================================================
[2025-10-25T23:35:47.910+0000] {manager.py:893} INFO - 
================================================================================
DAG File Processing Stats

File Path                                 PID  Runtime      # DAGs    # Errors  Last Runtime    Last Run
--------------------------------------  -----  ---------  --------  ----------  --------------  -------------------
/opt/airflow/dags/crypto_events_dag.py    180  2.02s             1           0  3.60s           2025-10-25T23:35:15
================================================================================
[2025-10-25T23:36:16.290+0000] {manager.py:893} INFO - 
================================================================================
DAG File Processing Stats

File Path                               PID    Runtime      # DAGs    # Errors  Last Runtime    Last Run
--------------------------------------  -----  ---------  --------  ----------  --------------  -------------------
/opt/airflow/dags/crypto_events_dag.py                           1           0  4.11s           2025-10-25T23:35:49
================================================================================
[2025-10-25T23:36:44.698+0000] {manager.py:893} INFO - 
================================================================================
DAG File Processing Stats

File Path                               PID    Runtime      # DAGs    # Errors  Last Runtime    Last Run
--------------------------------------  -----  ---------  --------  ----------  --------------  -------------------
/opt/airflow/dags/crypto_events_dag.py                           1           0  3.20s           2025-10-25T23:36:23
================================================================================
[2025-10-25T23:37:01.232+0000] {manager.py:469} INFO - Exiting gracefully upon receiving signal 15
[2025-10-25T23:38:23.263+0000] {manager.py:487} INFO - Processing files using up to 2 processes at a time 
[2025-10-25T23:38:23.265+0000] {manager.py:488} INFO - Process each file at most once every 30 seconds
[2025-10-25T23:38:23.266+0000] {manager.py:489} INFO - Checking for new files in /opt/airflow/dags every 300 seconds
[2025-10-25T23:38:23.266+0000] {manager.py:759} INFO - Searching for files in /opt/airflow/dags
[2025-10-25T23:38:23.268+0000] {manager.py:762} INFO - There are 1 files in /opt/airflow/dags
[2025-10-25T23:38:23.415+0000] {manager.py:893} INFO - 
================================================================================
DAG File Processing Stats

File Path                                 PID  Runtime      # DAGs    # Errors  Last Runtime    Last Run
--------------------------------------  -----  ---------  --------  ----------  --------------  ----------
/opt/airflow/dags/crypto_events_dag.py     49  0.03s             0           0
================================================================================
[2025-10-25T23:38:51.827+0000] {manager.py:893} INFO - 
================================================================================
DAG File Processing Stats

File Path                               PID    Runtime      # DAGs    # Errors  Last Runtime    Last Run
--------------------------------------  -----  ---------  --------  ----------  --------------  -------------------
/opt/airflow/dags/crypto_events_dag.py                           1           0  7.13s           2025-10-25T23:38:30
================================================================================
[2025-10-25T23:39:20.180+0000] {manager.py:893} INFO - 
================================================================================
DAG File Processing Stats

File Path                               PID    Runtime      # DAGs    # Errors  Last Runtime    Last Run
--------------------------------------  -----  ---------  --------  ----------  --------------  -------------------
/opt/airflow/dags/crypto_events_dag.py                           1           0  3.80s           2025-10-25T23:39:04
================================================================================
[2025-10-25T23:39:40.179+0000] {manager.py:469} INFO - Exiting gracefully upon receiving signal 15
[2025-10-25T23:39:51.239+0000] {manager.py:487} INFO - Processing files using up to 2 processes at a time 
[2025-10-25T23:39:51.240+0000] {manager.py:488} INFO - Process each file at most once every 30 seconds
[2025-10-25T23:39:51.240+0000] {manager.py:489} INFO - Checking for new files in /opt/airflow/dags every 300 seconds
[2025-10-25T23:39:51.240+0000] {manager.py:759} INFO - Searching for files in /opt/airflow/dags
[2025-10-25T23:39:51.242+0000] {manager.py:762} INFO - There are 1 files in /opt/airflow/dags
[2025-10-25T23:39:51.319+0000] {manager.py:893} INFO - 
================================================================================
DAG File Processing Stats

File Path                                 PID  Runtime      # DAGs    # Errors  Last Runtime    Last Run
--------------------------------------  -----  ---------  --------  ----------  --------------  ----------
/opt/airflow/dags/crypto_events_dag.py     49  0.02s             0           0
================================================================================
[2025-10-25T23:40:19.444+0000] {manager.py:893} INFO - 
================================================================================
DAG File Processing Stats

File Path                               PID    Runtime      # DAGs    # Errors  Last Runtime    Last Run
--------------------------------------  -----  ---------  --------  ----------  --------------  -------------------
/opt/airflow/dags/crypto_events_dag.py                           1           0  3.96s           2025-10-25T23:39:55
================================================================================
[2025-10-25T23:40:47.837+0000] {manager.py:893} INFO - 
================================================================================
DAG File Processing Stats

File Path                               PID    Runtime      # DAGs    # Errors  Last Runtime    Last Run
--------------------------------------  -----  ---------  --------  ----------  --------------  -------------------
/opt/airflow/dags/crypto_events_dag.py                           1           0  4.30s           2025-10-25T23:40:29
================================================================================
[2025-10-25T23:41:16.426+0000] {manager.py:893} INFO - 
================================================================================
DAG File Processing Stats

File Path                               PID    Runtime      # DAGs    # Errors  Last Runtime    Last Run
--------------------------------------  -----  ---------  --------  ----------  --------------  -------------------
/opt/airflow/dags/crypto_events_dag.py                           1           0  3.46s           2025-10-25T23:41:03
================================================================================
[2025-10-25T23:41:44.948+0000] {manager.py:893} INFO - 
================================================================================
DAG File Processing Stats

File Path                               PID    Runtime      # DAGs    # Errors  Last Runtime    Last Run
--------------------------------------  -----  ---------  --------  ----------  --------------  -------------------
/opt/airflow/dags/crypto_events_dag.py                           1           0  3.39s           2025-10-25T23:41:37
================================================================================
[2025-10-25T23:42:13.195+0000] {manager.py:893} INFO - 
================================================================================
DAG File Processing Stats

File Path                               PID    Runtime      # DAGs    # Errors  Last Runtime    Last Run
--------------------------------------  -----  ---------  --------  ----------  --------------  -------------------
/opt/airflow/dags/crypto_events_dag.py                           1           0  3.73s           2025-10-25T23:42:11
================================================================================
[2025-10-25T23:42:41.568+0000] {manager.py:893} INFO - 
================================================================================
DAG File Processing Stats

File Path                                 PID  Runtime      # DAGs    # Errors  Last Runtime    Last Run
--------------------------------------  -----  ---------  --------  ----------  --------------  -------------------
/opt/airflow/dags/crypto_events_dag.py    179  0.01s             1           0  3.73s           2025-10-25T23:42:11
================================================================================
[2025-10-25T23:43:10.221+0000] {manager.py:893} INFO - 
================================================================================
DAG File Processing Stats

File Path                               PID    Runtime      # DAGs    # Errors  Last Runtime    Last Run
--------------------------------------  -----  ---------  --------  ----------  --------------  -------------------
/opt/airflow/dags/crypto_events_dag.py                           1           0  4.60s           2025-10-25T23:42:46
================================================================================
[2025-10-25T23:43:15.253+0000] {manager.py:469} INFO - Exiting gracefully upon receiving signal 15
[2025-10-25T23:43:28.481+0000] {manager.py:487} INFO - Processing files using up to 2 processes at a time 
[2025-10-25T23:43:28.482+0000] {manager.py:488} INFO - Process each file at most once every 30 seconds
[2025-10-25T23:43:28.482+0000] {manager.py:489} INFO - Checking for new files in /opt/airflow/dags every 300 seconds
[2025-10-25T23:43:28.482+0000] {manager.py:759} INFO - Searching for files in /opt/airflow/dags
[2025-10-25T23:43:28.483+0000] {manager.py:762} INFO - There are 1 files in /opt/airflow/dags
[2025-10-25T23:43:28.566+0000] {manager.py:893} INFO - 
================================================================================
DAG File Processing Stats

File Path                                 PID  Runtime      # DAGs    # Errors  Last Runtime    Last Run
--------------------------------------  -----  ---------  --------  ----------  --------------  ----------
/opt/airflow/dags/crypto_events_dag.py     49  0.02s             0           0
================================================================================
[2025-10-25T23:43:56.588+0000] {manager.py:893} INFO - 
================================================================================
DAG File Processing Stats

File Path                               PID    Runtime      # DAGs    # Errors  Last Runtime    Last Run
--------------------------------------  -----  ---------  --------  ----------  --------------  -------------------
/opt/airflow/dags/crypto_events_dag.py                           1           0  1.68s           2025-10-25T23:43:30
================================================================================
[2025-10-25T23:44:25.103+0000] {manager.py:893} INFO - 
================================================================================
DAG File Processing Stats

File Path                               PID    Runtime      # DAGs    # Errors  Last Runtime    Last Run
--------------------------------------  -----  ---------  --------  ----------  --------------  -------------------
/opt/airflow/dags/crypto_events_dag.py                           1           0  4.06s           2025-10-25T23:44:04
================================================================================
[2025-10-25T23:44:53.111+0000] {manager.py:893} INFO - 
================================================================================
DAG File Processing Stats

File Path                               PID    Runtime      # DAGs    # Errors  Last Runtime    Last Run
--------------------------------------  -----  ---------  --------  ----------  --------------  -------------------
/opt/airflow/dags/crypto_events_dag.py                           1           0  5.73s           2025-10-25T23:44:40
================================================================================
[2025-10-25T23:45:21.258+0000] {manager.py:893} INFO - 
================================================================================
DAG File Processing Stats

File Path                               PID    Runtime      # DAGs    # Errors  Last Runtime    Last Run
--------------------------------------  -----  ---------  --------  ----------  --------------  -------------------
/opt/airflow/dags/crypto_events_dag.py                           1           0  6.95s           2025-10-25T23:45:18
================================================================================
[2025-10-25T23:45:49.564+0000] {manager.py:893} INFO - 
================================================================================
DAG File Processing Stats

File Path                                 PID  Runtime      # DAGs    # Errors  Last Runtime    Last Run
--------------------------------------  -----  ---------  --------  ----------  --------------  -------------------
/opt/airflow/dags/crypto_events_dag.py    153  1.05s             1           0  6.95s           2025-10-25T23:45:18
================================================================================
[2025-10-25T23:46:08.471+0000] {manager.py:469} INFO - Exiting gracefully upon receiving signal 15
